{"/home/abdssamie/Projects/convex-ecom/example/convex/example.ts": {"path":"/home/abdssamie/Projects/convex-ecom/example/convex/example.ts","statementMap":{"0":{"start":{"line":9,"column":13},"end":{"line":25,"column":null}},"1":{"start":{"line":16,"column":4},"end":{"line":23,"column":null}},"2":{"start":{"line":27,"column":13},"end":{"line":41,"column":null}},"3":{"start":{"line":33,"column":4},"end":{"line":39,"column":null}},"4":{"start":{"line":43,"column":13},"end":{"line":59,"column":null}},"5":{"start":{"line":50,"column":4},"end":{"line":57,"column":null}},"6":{"start":{"line":61,"column":13},"end":{"line":68,"column":null}},"7":{"start":{"line":64,"column":4},"end":{"line":66,"column":null}},"8":{"start":{"line":80,"column":0},"end":{"line":84,"column":null}},"9":{"start":{"line":82,"column":4},"end":{"line":82,"column":null}},"10":{"start":{"line":87,"column":2},"end":{"line":87,"column":null}}},"fnMap":{"0":{"name":"(anonymous_0)","decl":{"start":{"line":15,"column":11},"end":{"line":15,"column":18}},"loc":{"start":{"line":15,"column":32},"end":{"line":24,"column":null}},"line":15},"1":{"name":"(anonymous_1)","decl":{"start":{"line":32,"column":11},"end":{"line":32,"column":18}},"loc":{"start":{"line":32,"column":32},"end":{"line":40,"column":null}},"line":32},"2":{"name":"(anonymous_2)","decl":{"start":{"line":49,"column":11},"end":{"line":49,"column":18}},"loc":{"start":{"line":49,"column":32},"end":{"line":58,"column":null}},"line":49},"3":{"name":"(anonymous_3)","decl":{"start":{"line":63,"column":11},"end":{"line":63,"column":18}},"loc":{"start":{"line":63,"column":32},"end":{"line":67,"column":null}},"line":63},"4":{"name":"(anonymous_4)","decl":{"start":{"line":81,"column":8},"end":{"line":81,"column":15}},"loc":{"start":{"line":81,"column":35},"end":{"line":83,"column":null}},"line":81},"5":{"name":"getAuthUserId","decl":{"start":{"line":86,"column":15},"end":{"line":86,"column":29}},"loc":{"start":{"line":86,"column":50},"end":{"line":88,"column":null}},"line":86}},"branchMap":{"0":{"loc":{"start":{"line":82,"column":12},"end":{"line":82,"column":null}},"type":"binary-expr","locations":[{"start":{"line":82,"column":12},"end":{"line":82,"column":41}},{"start":{"line":82,"column":41},"end":{"line":82,"column":null}}],"line":82},"1":{"loc":{"start":{"line":87,"column":2},"end":{"line":87,"column":null}},"type":"binary-expr","locations":[{"start":{"line":87,"column":2},"end":{"line":87,"column":56}},{"start":{"line":87,"column":56},"end":{"line":87,"column":null}}],"line":87}},"s":{"0":1,"1":1,"2":1,"3":0,"4":1,"5":0,"6":1,"7":0,"8":1,"9":0,"10":0},"f":{"0":1,"1":0,"2":0,"3":0,"4":0,"5":0},"b":{"0":[0,0],"1":[0,0]},"meta":{"lastBranch":2,"lastFunction":6,"lastStatement":11,"seen":{"s:9:13:25:Infinity":0,"f:15:11:15:18":0,"s:16:4:23:Infinity":1,"s:27:13:41:Infinity":2,"f:32:11:32:18":1,"s:33:4:39:Infinity":3,"s:43:13:59:Infinity":4,"f:49:11:49:18":2,"s:50:4:57:Infinity":5,"s:61:13:68:Infinity":6,"f:63:11:63:18":3,"s:64:4:66:Infinity":7,"s:80:0:84:Infinity":8,"f:81:8:81:15":4,"s:82:4:82:Infinity":9,"b:82:12:82:41:82:41:82:Infinity":0,"f:86:15:86:29":5,"s:87:2:87:Infinity":10,"b:87:2:87:56:87:56:87:Infinity":1}}}
,"/home/abdssamie/Projects/convex-ecom/example/convex/schema.ts": {"path":"/home/abdssamie/Projects/convex-ecom/example/convex/schema.ts","statementMap":{},"fnMap":{},"branchMap":{},"s":{},"f":{},"b":{},"meta":{"lastBranch":0,"lastFunction":0,"lastStatement":0,"seen":{}}}
,"/home/abdssamie/Projects/convex-ecom/example/convex/_generated/api.js": {"path":"/home/abdssamie/Projects/convex-ecom/example/convex/_generated/api.js","statementMap":{"0":{"start":{"line":21,"column":19},"end":{"line":21,"column":25}},"1":{"start":{"line":22,"column":24},"end":{"line":22,"column":30}},"2":{"start":{"line":23,"column":25},"end":{"line":23,"column":45}}},"fnMap":{},"branchMap":{},"s":{"0":1,"1":1,"2":1},"f":{},"b":{},"meta":{"lastBranch":0,"lastFunction":0,"lastStatement":3,"seen":{"s:21:19:21:25":0,"s:22:24:22:30":1,"s:23:25:23:45":2}}}
,"/home/abdssamie/Projects/convex-ecom/example/convex/_generated/server.js": {"path":"/home/abdssamie/Projects/convex-ecom/example/convex/_generated/server.js","statementMap":{"0":{"start":{"line":29,"column":21},"end":{"line":29,"column":33}},"1":{"start":{"line":39,"column":29},"end":{"line":39,"column":49}},"2":{"start":{"line":49,"column":24},"end":{"line":49,"column":39}},"3":{"start":{"line":59,"column":32},"end":{"line":59,"column":55}},"4":{"start":{"line":72,"column":22},"end":{"line":72,"column":35}},"5":{"start":{"line":80,"column":30},"end":{"line":80,"column":51}},"6":{"start":{"line":93,"column":26},"end":{"line":93,"column":43}}},"fnMap":{},"branchMap":{},"s":{"0":1,"1":1,"2":1,"3":1,"4":1,"5":1,"6":1},"f":{},"b":{},"meta":{"lastBranch":0,"lastFunction":0,"lastStatement":7,"seen":{"s:29:21:29:33":0,"s:39:29:39:49":1,"s:49:24:49:39":2,"s:59:32:59:55":3,"s:72:22:72:35":4,"s:80:30:80:51":5,"s:93:26:93:43":6}}}
,"/home/abdssamie/Projects/convex-ecom/src/test.ts": {"path":"/home/abdssamie/Projects/convex-ecom/src/test.ts","statementMap":{"0":{"start":{"line":5,"column":28},"end":{"line":5,"column":null}},"1":{"start":{"line":5,"column":54},"end":{"line":5,"column":null}},"2":{"start":{"line":16,"column":2},"end":{"line":16,"column":null}}},"fnMap":{"0":{"name":"(anonymous_0)","decl":{"start":{"line":5,"column":54},"end":{"line":5,"column":null}},"loc":{"start":{"line":5,"column":54},"end":{"line":5,"column":null}},"line":5},"1":{"name":"register","decl":{"start":{"line":12,"column":16},"end":{"line":12,"column":null}},"loc":{"start":{"line":15,"column":2},"end":{"line":17,"column":null}},"line":15}},"branchMap":{"0":{"loc":{"start":{"line":14,"column":2},"end":{"line":14,"column":null}},"type":"default-arg","locations":[{"start":{"line":14,"column":17},"end":{"line":14,"column":null}}],"line":14}},"s":{"0":4,"1":0,"2":2},"f":{"0":3,"1":2},"b":{"0":[2]},"meta":{"lastBranch":1,"lastFunction":2,"lastStatement":3,"seen":{"s:5:28:5:Infinity":0,"f:5:54:5:Infinity":0,"s:5:54:5:Infinity":1,"f:12:16:12:Infinity":1,"b:14:17:14:Infinity":0,"s:16:2:16:Infinity":2}}}
,"/home/abdssamie/Projects/convex-ecom/src/client/index.ts": {"path":"/home/abdssamie/Projects/convex-ecom/src/client/index.ts","statementMap":{"0":{"start":{"line":19,"column":2},"end":{"line":20,"column":null}},"1":{"start":{"line":29,"column":17},"end":{"line":29,"column":null}},"2":{"start":{"line":30,"column":2},"end":{"line":32,"column":null}},"3":{"start":{"line":31,"column":4},"end":{"line":31,"column":null}},"4":{"start":{"line":33,"column":2},"end":{"line":33,"column":null}},"5":{"start":{"line":54,"column":2},"end":{"line":163,"column":null}},"6":{"start":{"line":62,"column":8},"end":{"line":70,"column":null}},"7":{"start":{"line":71,"column":8},"end":{"line":71,"column":null}},"8":{"start":{"line":77,"column":8},"end":{"line":81,"column":null}},"9":{"start":{"line":82,"column":8},"end":{"line":84,"column":null}},"10":{"start":{"line":90,"column":8},"end":{"line":98,"column":null}},"11":{"start":{"line":99,"column":8},"end":{"line":99,"column":null}},"12":{"start":{"line":109,"column":8},"end":{"line":118,"column":null}},"13":{"start":{"line":119,"column":8},"end":{"line":119,"column":null}},"14":{"start":{"line":125,"column":8},"end":{"line":133,"column":null}},"15":{"start":{"line":134,"column":8},"end":{"line":134,"column":null}},"16":{"start":{"line":140,"column":8},"end":{"line":144,"column":null}},"17":{"start":{"line":145,"column":8},"end":{"line":145,"column":null}},"18":{"start":{"line":151,"column":8},"end":{"line":159,"column":null}},"19":{"start":{"line":160,"column":8},"end":{"line":160,"column":null}},"20":{"start":{"line":19,"column":2},"end":{"line":21,"column":null}},"21":{"start":{"line":29,"column":17},"end":{"line":29,"column":43}}},"fnMap":{"0":{"name":"requiresAuth","decl":{"start":{"line":18,"column":9},"end":{"line":18,"column":22}},"loc":{"start":{"line":18,"column":44},"end":{"line":22,"column":null}},"line":18},"1":{"name":"authorize","decl":{"start":{"line":24,"column":15},"end":{"line":24,"column":null}},"loc":{"start":{"line":28,"column":2},"end":{"line":34,"column":null}},"line":28},"2":{"name":"exposeApi","decl":{"start":{"line":44,"column":16},"end":{"line":44,"column":null}},"loc":{"start":{"line":53,"column":2},"end":{"line":164,"column":null}},"line":53},"3":{"name":"(anonymous_3)","decl":{"start":{"line":61,"column":15},"end":{"line":61,"column":22}},"loc":{"start":{"line":61,"column":36},"end":{"line":72,"column":null}},"line":61},"4":{"name":"(anonymous_4)","decl":{"start":{"line":76,"column":15},"end":{"line":76,"column":22}},"loc":{"start":{"line":76,"column":36},"end":{"line":85,"column":null}},"line":76},"5":{"name":"(anonymous_5)","decl":{"start":{"line":89,"column":15},"end":{"line":89,"column":22}},"loc":{"start":{"line":89,"column":36},"end":{"line":100,"column":null}},"line":89},"6":{"name":"(anonymous_6)","decl":{"start":{"line":108,"column":15},"end":{"line":108,"column":22}},"loc":{"start":{"line":108,"column":36},"end":{"line":120,"column":null}},"line":108},"7":{"name":"(anonymous_7)","decl":{"start":{"line":124,"column":15},"end":{"line":124,"column":22}},"loc":{"start":{"line":124,"column":36},"end":{"line":135,"column":null}},"line":124},"8":{"name":"(anonymous_8)","decl":{"start":{"line":139,"column":15},"end":{"line":139,"column":22}},"loc":{"start":{"line":139,"column":36},"end":{"line":146,"column":null}},"line":139},"9":{"name":"(anonymous_9)","decl":{"start":{"line":150,"column":15},"end":{"line":150,"column":22}},"loc":{"start":{"line":150,"column":36},"end":{"line":161,"column":null}},"line":150},"10":{"name":"requiresAuth","decl":{"start":{"line":18,"column":9},"end":{"line":18,"column":21}},"loc":{"start":{"line":18,"column":42},"end":{"line":22,"column":null}},"line":18},"11":{"name":"authorize","decl":{"start":{"line":24,"column":15},"end":{"line":24,"column":24}},"loc":{"start":{"line":27,"column":77},"end":{"line":34,"column":null}},"line":27},"12":{"name":"exposeApi","decl":{"start":{"line":44,"column":16},"end":{"line":44,"column":25}},"loc":{"start":{"line":52,"column":3},"end":{"line":164,"column":null}},"line":52},"13":{"name":"(anonymous_3)","decl":{"start":{"line":61,"column":15},"end":{"line":61,"column":20}},"loc":{"start":{"line":61,"column":35},"end":{"line":72,"column":7}},"line":61},"14":{"name":"(anonymous_4)","decl":{"start":{"line":76,"column":15},"end":{"line":76,"column":20}},"loc":{"start":{"line":76,"column":35},"end":{"line":85,"column":7}},"line":76},"15":{"name":"(anonymous_5)","decl":{"start":{"line":89,"column":15},"end":{"line":89,"column":20}},"loc":{"start":{"line":89,"column":35},"end":{"line":100,"column":7}},"line":89},"16":{"name":"(anonymous_6)","decl":{"start":{"line":108,"column":15},"end":{"line":108,"column":20}},"loc":{"start":{"line":108,"column":35},"end":{"line":120,"column":7}},"line":108},"17":{"name":"(anonymous_7)","decl":{"start":{"line":124,"column":15},"end":{"line":124,"column":20}},"loc":{"start":{"line":124,"column":35},"end":{"line":135,"column":7}},"line":124},"18":{"name":"(anonymous_8)","decl":{"start":{"line":139,"column":15},"end":{"line":139,"column":20}},"loc":{"start":{"line":139,"column":35},"end":{"line":146,"column":7}},"line":139},"19":{"name":"(anonymous_9)","decl":{"start":{"line":150,"column":15},"end":{"line":150,"column":20}},"loc":{"start":{"line":150,"column":35},"end":{"line":161,"column":7}},"line":150}},"branchMap":{"0":{"loc":{"start":{"line":20,"column":4},"end":{"line":20,"column":null}},"type":"binary-expr","locations":[{"start":{"line":20,"column":4},"end":{"line":20,"column":42}},{"start":{"line":20,"column":42},"end":{"line":20,"column":null}}],"line":20},"1":{"loc":{"start":{"line":30,"column":2},"end":{"line":32,"column":null}},"type":"if","locations":[{"start":{"line":30,"column":2},"end":{"line":32,"column":null}},{"start":{},"end":{}}],"line":30},"2":{"loc":{"start":{"line":30,"column":6},"end":{"line":30,"column":42}},"type":"binary-expr","locations":[{"start":{"line":30,"column":6},"end":{"line":30,"column":17}},{"start":{"line":30,"column":17},"end":{"line":30,"column":42}}],"line":30},"3":{"loc":{"start":{"line":20,"column":4},"end":{"line":20,"column":74}},"type":"binary-expr","locations":[{"start":{"line":20,"column":4},"end":{"line":20,"column":38}},{"start":{"line":20,"column":42},"end":{"line":20,"column":74}}],"line":20},"4":{"loc":{"start":{"line":30,"column":6},"end":{"line":30,"column":40}},"type":"binary-expr","locations":[{"start":{"line":30,"column":6},"end":{"line":30,"column":13}},{"start":{"line":30,"column":17},"end":{"line":30,"column":40}}],"line":30}},"s":{"0":0,"1":2,"2":2,"3":0,"4":2,"5":2,"6":0,"7":0,"8":1,"9":1,"10":1,"11":1,"12":0,"13":0,"14":0,"15":0,"16":0,"17":0,"18":0,"19":0,"20":0,"21":2},"f":{"0":0,"1":2,"2":2,"3":1,"4":2,"5":2,"6":1,"7":1,"8":1,"9":1,"10":0,"11":0,"12":1,"13":1,"14":1,"15":1,"16":1,"17":1,"18":1,"19":1},"b":{"0":[0,0],"1":[0,2],"2":[2,0],"3":[0,0],"4":[2,0]},"meta":{"lastBranch":3,"lastFunction":10,"lastStatement":20,"seen":{"f:18:9:18:22":0,"s:19:2:20:Infinity":0,"b:20:4:20:42:20:42:20:Infinity":0,"f:24:15:24:Infinity":1,"s:29:17:29:Infinity":1,"b:30:2:32:Infinity:undefined:undefined:undefined:undefined":1,"s:30:2:32:Infinity":2,"b:30:6:30:17:30:17:30:42":2,"s:31:4:31:Infinity":3,"s:33:2:33:Infinity":4,"f:44:16:44:Infinity":2,"s:54:2:163:Infinity":5,"f:61:15:61:22":3,"s:62:8:70:Infinity":6,"s:71:8:71:Infinity":7,"f:76:15:76:22":4,"s:77:8:81:Infinity":8,"s:82:8:84:Infinity":9,"f:89:15:89:22":5,"s:90:8:98:Infinity":10,"s:99:8:99:Infinity":11,"f:108:15:108:22":6,"s:109:8:118:Infinity":12,"s:119:8:119:Infinity":13,"f:124:15:124:22":7,"s:125:8:133:Infinity":14,"s:134:8:134:Infinity":15,"f:139:15:139:22":8,"s:140:8:144:Infinity":16,"s:145:8:145:Infinity":17,"f:150:15:150:22":9,"s:151:8:159:Infinity":18,"s:160:8:160:Infinity":19}}}
,"/home/abdssamie/Projects/convex-ecom/src/component/schema.ts": {"path":"/home/abdssamie/Projects/convex-ecom/src/component/schema.ts","statementMap":{"0":{"start":{"line":4,"column":22},"end":{"line":9,"column":null}},"1":{"start":{"line":11,"column":20},"end":{"line":18,"column":null}},"2":{"start":{"line":20,"column":32},"end":{"line":29,"column":null}},"3":{"start":{"line":31,"column":22},"end":{"line":35,"column":null}},"4":{"start":{"line":37,"column":20},"end":{"line":37,"column":null}},"5":{"start":{"line":39,"column":22},"end":{"line":39,"column":null}},"6":{"start":{"line":41,"column":24},"end":{"line":45,"column":null}},"7":{"start":{"line":47,"column":30},"end":{"line":50,"column":null}},"8":{"start":{"line":52,"column":36},"end":{"line":56,"column":null}},"9":{"start":{"line":58,"column":36},"end":{"line":62,"column":null}},"10":{"start":{"line":64,"column":30},"end":{"line":72,"column":null}},"11":{"start":{"line":74,"column":24},"end":{"line":74,"column":null}},"12":{"start":{"line":76,"column":22},"end":{"line":76,"column":null}}},"fnMap":{},"branchMap":{},"s":{"0":22,"1":22,"2":22,"3":22,"4":22,"5":22,"6":22,"7":22,"8":22,"9":22,"10":22,"11":22,"12":22},"f":{},"b":{},"meta":{"lastBranch":0,"lastFunction":0,"lastStatement":13,"seen":{"s:4:22:9:Infinity":0,"s:11:20:18:Infinity":1,"s:20:32:29:Infinity":2,"s:31:22:35:Infinity":3,"s:37:20:37:Infinity":4,"s:39:22:39:Infinity":5,"s:41:24:45:Infinity":6,"s:47:30:50:Infinity":7,"s:52:36:56:Infinity":8,"s:58:36:62:Infinity":9,"s:64:30:72:Infinity":10,"s:74:24:74:Infinity":11,"s:76:22:76:Infinity":12}}}
,"/home/abdssamie/Projects/convex-ecom/src/component/_generated/api.ts": {"path":"/home/abdssamie/Projects/convex-ecom/src/component/_generated/api.ts","statementMap":{"0":{"start":{"line":94,"column":5},"end":{"line":94,"column":null}},"1":{"start":{"line":107,"column":4},"end":{"line":107,"column":null}},"2":{"start":{"line":120,"column":4},"end":{"line":120,"column":null}},"3":{"start":{"line":122,"column":13},"end":{"line":122,"column":null}}},"fnMap":{},"branchMap":{},"s":{"0":17,"1":17,"2":17,"3":17},"f":{},"b":{},"meta":{"lastBranch":0,"lastFunction":0,"lastStatement":4,"seen":{"s:94:5:94:Infinity":0,"s:107:4:107:Infinity":1,"s:120:4:120:Infinity":2,"s:122:13:122:Infinity":3}}}
,"/home/abdssamie/Projects/convex-ecom/src/component/_generated/component.ts": {"path":"/home/abdssamie/Projects/convex-ecom/src/component/_generated/component.ts","statementMap":{},"fnMap":{},"branchMap":{},"s":{},"f":{},"b":{},"meta":{"lastBranch":0,"lastFunction":0,"lastStatement":0,"seen":{}}}
,"/home/abdssamie/Projects/convex-ecom/src/component/_generated/server.ts": {"path":"/home/abdssamie/Projects/convex-ecom/src/component/_generated/server.ts","statementMap":{"0":{"start":{"line":41,"column":56},"end":{"line":41,"column":null}},"1":{"start":{"line":52,"column":2},"end":{"line":52,"column":null}},"2":{"start":{"line":62,"column":62},"end":{"line":62,"column":null}},"3":{"start":{"line":73,"column":2},"end":{"line":73,"column":null}},"4":{"start":{"line":86,"column":58},"end":{"line":86,"column":null}},"5":{"start":{"line":95,"column":2},"end":{"line":95,"column":null}},"6":{"start":{"line":108,"column":45},"end":{"line":108,"column":null}}},"fnMap":{},"branchMap":{},"s":{"0":19,"1":19,"2":19,"3":19,"4":19,"5":19,"6":19},"f":{},"b":{},"meta":{"lastBranch":0,"lastFunction":0,"lastStatement":7,"seen":{"s:41:56:41:Infinity":0,"s:52:2:52:Infinity":1,"s:62:62:62:Infinity":2,"s:73:2:73:Infinity":3,"s:86:58:86:Infinity":4,"s:95:2:95:Infinity":5,"s:108:45:108:Infinity":6}}}
,"/home/abdssamie/Projects/convex-ecom/src/component/admin/customers.ts": {"path":"/home/abdssamie/Projects/convex-ecom/src/component/admin/customers.ts","statementMap":{"0":{"start":{"line":8,"column":26},"end":{"line":11,"column":null}},"1":{"start":{"line":13,"column":13},"end":{"line":37,"column":null}},"2":{"start":{"line":20,"column":30},"end":{"line":20,"column":null}},"3":{"start":{"line":21,"column":4},"end":{"line":26,"column":null}},"4":{"start":{"line":22,"column":6},"end":{"line":25,"column":null}},"5":{"start":{"line":24,"column":37},"end":{"line":24,"column":59}},"6":{"start":{"line":28,"column":4},"end":{"line":33,"column":null}},"7":{"start":{"line":29,"column":6},"end":{"line":32,"column":null}},"8":{"start":{"line":31,"column":38},"end":{"line":31,"column":58}},"9":{"start":{"line":35,"column":4},"end":{"line":35,"column":null}},"10":{"start":{"line":39,"column":13},"end":{"line":47,"column":null}},"11":{"start":{"line":45,"column":4},"end":{"line":45,"column":null}},"12":{"start":{"line":49,"column":13},"end":{"line":80,"column":null}},"13":{"start":{"line":62,"column":21},"end":{"line":65,"column":null}},"14":{"start":{"line":64,"column":35},"end":{"line":64,"column":62}},"15":{"start":{"line":66,"column":4},"end":{"line":68,"column":null}},"16":{"start":{"line":67,"column":6},"end":{"line":67,"column":null}},"17":{"start":{"line":69,"column":4},"end":{"line":78,"column":null}},"18":{"start":{"line":82,"column":13},"end":{"line":106,"column":null}},"19":{"start":{"line":94,"column":4},"end":{"line":94,"column":null}},"20":{"start":{"line":95,"column":10},"end":{"line":103,"column":null}},"21":{"start":{"line":104,"column":4},"end":{"line":104,"column":null}}},"fnMap":{"0":{"name":"(anonymous_0)","decl":{"start":{"line":19,"column":11},"end":{"line":19,"column":18}},"loc":{"start":{"line":19,"column":32},"end":{"line":36,"column":null}},"line":19},"1":{"name":"(anonymous_1)","decl":{"start":{"line":24,"column":30},"end":{"line":24,"column":31}},"loc":{"start":{"line":24,"column":37},"end":{"line":24,"column":59}},"line":24},"2":{"name":"(anonymous_2)","decl":{"start":{"line":31,"column":31},"end":{"line":31,"column":32}},"loc":{"start":{"line":31,"column":38},"end":{"line":31,"column":58}},"line":31},"3":{"name":"(anonymous_3)","decl":{"start":{"line":44,"column":11},"end":{"line":44,"column":18}},"loc":{"start":{"line":44,"column":32},"end":{"line":46,"column":null}},"line":44},"4":{"name":"(anonymous_4)","decl":{"start":{"line":61,"column":11},"end":{"line":61,"column":18}},"loc":{"start":{"line":61,"column":32},"end":{"line":79,"column":null}},"line":61},"5":{"name":"(anonymous_5)","decl":{"start":{"line":64,"column":28},"end":{"line":64,"column":29}},"loc":{"start":{"line":64,"column":35},"end":{"line":64,"column":62}},"line":64},"6":{"name":"(anonymous_6)","decl":{"start":{"line":93,"column":11},"end":{"line":93,"column":18}},"loc":{"start":{"line":93,"column":32},"end":{"line":105,"column":null}},"line":93}},"branchMap":{"0":{"loc":{"start":{"line":21,"column":4},"end":{"line":26,"column":null}},"type":"if","locations":[{"start":{"line":21,"column":4},"end":{"line":26,"column":null}},{"start":{},"end":{}}],"line":21},"1":{"loc":{"start":{"line":28,"column":4},"end":{"line":33,"column":null}},"type":"if","locations":[{"start":{"line":28,"column":4},"end":{"line":33,"column":null}},{"start":{},"end":{}}],"line":28},"2":{"loc":{"start":{"line":66,"column":4},"end":{"line":68,"column":null}},"type":"if","locations":[{"start":{"line":66,"column":4},"end":{"line":68,"column":null}},{"start":{},"end":{}}],"line":66},"3":{"loc":{"start":{"line":72,"column":10},"end":{"line":72,"column":null}},"type":"binary-expr","locations":[{"start":{"line":72,"column":10},"end":{"line":72,"column":38}},{"start":{"line":72,"column":38},"end":{"line":72,"column":null}}],"line":72},"4":{"loc":{"start":{"line":73,"column":10},"end":{"line":73,"column":null}},"type":"binary-expr","locations":[{"start":{"line":73,"column":10},"end":{"line":73,"column":44}},{"start":{"line":73,"column":44},"end":{"line":73,"column":null}}],"line":73},"5":{"loc":{"start":{"line":74,"column":10},"end":{"line":74,"column":null}},"type":"binary-expr","locations":[{"start":{"line":74,"column":10},"end":{"line":74,"column":42}},{"start":{"line":74,"column":42},"end":{"line":74,"column":null}}],"line":74},"6":{"loc":{"start":{"line":75,"column":10},"end":{"line":75,"column":null}},"type":"binary-expr","locations":[{"start":{"line":75,"column":10},"end":{"line":75,"column":41}},{"start":{"line":75,"column":41},"end":{"line":75,"column":null}}],"line":75},"7":{"loc":{"start":{"line":76,"column":10},"end":{"line":76,"column":null}},"type":"binary-expr","locations":[{"start":{"line":76,"column":10},"end":{"line":76,"column":38}},{"start":{"line":76,"column":38},"end":{"line":76,"column":null}}],"line":76},"8":{"loc":{"start":{"line":77,"column":10},"end":{"line":77,"column":null}},"type":"binary-expr","locations":[{"start":{"line":77,"column":10},"end":{"line":77,"column":41}},{"start":{"line":77,"column":41},"end":{"line":77,"column":null}}],"line":77}},"s":{"0":3,"1":3,"2":2,"3":2,"4":1,"5":1,"6":1,"7":1,"8":1,"9":0,"10":3,"11":2,"12":3,"13":6,"14":6,"15":6,"16":1,"17":5,"18":3,"19":2,"20":1,"21":1},"f":{"0":2,"1":1,"2":1,"3":2,"4":6,"5":6,"6":2},"b":{"0":[1,1],"1":[1,0],"2":[1,5],"3":[5,4],"4":[6,0],"5":[6,0],"6":[6,0],"7":[6,0],"8":[6,0]},"meta":{"lastBranch":9,"lastFunction":7,"lastStatement":22,"seen":{"s:8:26:11:Infinity":0,"s:13:13:37:Infinity":1,"f:19:11:19:18":0,"s:20:30:20:Infinity":2,"b:21:4:26:Infinity:undefined:undefined:undefined:undefined":0,"s:21:4:26:Infinity":3,"s:22:6:25:Infinity":4,"f:24:30:24:31":1,"s:24:37:24:59":5,"b:28:4:33:Infinity:undefined:undefined:undefined:undefined":1,"s:28:4:33:Infinity":6,"s:29:6:32:Infinity":7,"f:31:31:31:32":2,"s:31:38:31:58":8,"s:35:4:35:Infinity":9,"s:39:13:47:Infinity":10,"f:44:11:44:18":3,"s:45:4:45:Infinity":11,"s:49:13:80:Infinity":12,"f:61:11:61:18":4,"s:62:21:65:Infinity":13,"f:64:28:64:29":5,"s:64:35:64:62":14,"b:66:4:68:Infinity:undefined:undefined:undefined:undefined":2,"s:66:4:68:Infinity":15,"s:67:6:67:Infinity":16,"s:69:4:78:Infinity":17,"b:72:10:72:38:72:38:72:Infinity":3,"b:73:10:73:44:73:44:73:Infinity":4,"b:74:10:74:42:74:42:74:Infinity":5,"b:75:10:75:41:75:41:75:Infinity":6,"b:76:10:76:38:76:38:76:Infinity":7,"b:77:10:77:41:77:41:77:Infinity":8,"s:82:13:106:Infinity":18,"f:93:11:93:18":6,"s:94:4:94:Infinity":19,"s:95:10:103:Infinity":20,"s:104:4:104:Infinity":21}}}
,"/home/abdssamie/Projects/convex-ecom/src/component/admin/fulfillmentAddresses.ts": {"path":"/home/abdssamie/Projects/convex-ecom/src/component/admin/fulfillmentAddresses.ts","statementMap":{"0":{"start":{"line":8,"column":2},"end":{"line":11,"column":null}},"1":{"start":{"line":13,"column":13},"end":{"line":30,"column":null}},"2":{"start":{"line":20,"column":4},"end":{"line":27,"column":null}},"3":{"start":{"line":21,"column":6},"end":{"line":26,"column":null}},"4":{"start":{"line":24,"column":10},"end":{"line":24,"column":null}},"5":{"start":{"line":28,"column":4},"end":{"line":28,"column":null}},"6":{"start":{"line":32,"column":13},"end":{"line":40,"column":null}},"7":{"start":{"line":38,"column":4},"end":{"line":38,"column":null}},"8":{"start":{"line":42,"column":13},"end":{"line":80,"column":null}},"9":{"start":{"line":59,"column":4},"end":{"line":64,"column":null}},"10":{"start":{"line":65,"column":4},"end":{"line":78,"column":null}},"11":{"start":{"line":82,"column":13},"end":{"line":132,"column":null}},"12":{"start":{"line":99,"column":4},"end":{"line":104,"column":null}},"13":{"start":{"line":105,"column":4},"end":{"line":112,"column":null}},"14":{"start":{"line":106,"column":6},"end":{"line":111,"column":null}},"15":{"start":{"line":113,"column":10},"end":{"line":126,"column":null}},"16":{"start":{"line":127,"column":4},"end":{"line":129,"column":null}},"17":{"start":{"line":128,"column":6},"end":{"line":128,"column":null}},"18":{"start":{"line":130,"column":4},"end":{"line":130,"column":null}}},"fnMap":{"0":{"name":"(anonymous_0)","decl":{"start":{"line":19,"column":11},"end":{"line":19,"column":18}},"loc":{"start":{"line":19,"column":32},"end":{"line":29,"column":null}},"line":19},"1":{"name":"(anonymous_1)","decl":{"start":{"line":23,"column":40},"end":{"line":23,"column":41}},"loc":{"start":{"line":24,"column":10},"end":{"line":24,"column":null}},"line":24},"2":{"name":"(anonymous_2)","decl":{"start":{"line":37,"column":11},"end":{"line":37,"column":18}},"loc":{"start":{"line":37,"column":32},"end":{"line":39,"column":null}},"line":37},"3":{"name":"(anonymous_3)","decl":{"start":{"line":58,"column":11},"end":{"line":58,"column":18}},"loc":{"start":{"line":58,"column":32},"end":{"line":79,"column":null}},"line":58},"4":{"name":"(anonymous_4)","decl":{"start":{"line":98,"column":11},"end":{"line":98,"column":18}},"loc":{"start":{"line":98,"column":32},"end":{"line":131,"column":null}},"line":98}},"branchMap":{"0":{"loc":{"start":{"line":20,"column":4},"end":{"line":27,"column":null}},"type":"if","locations":[{"start":{"line":20,"column":4},"end":{"line":27,"column":null}},{"start":{},"end":{}}],"line":20},"1":{"loc":{"start":{"line":26,"column":14},"end":{"line":26,"column":30}},"type":"binary-expr","locations":[{"start":{"line":26,"column":14},"end":{"line":26,"column":28}},{"start":{"line":26,"column":28},"end":{"line":26,"column":30}}],"line":26},"2":{"loc":{"start":{"line":28,"column":59},"end":{"line":28,"column":75}},"type":"binary-expr","locations":[{"start":{"line":28,"column":59},"end":{"line":28,"column":73}},{"start":{"line":28,"column":73},"end":{"line":28,"column":75}}],"line":28},"3":{"loc":{"start":{"line":105,"column":4},"end":{"line":112,"column":null}},"type":"if","locations":[{"start":{"line":105,"column":4},"end":{"line":112,"column":null}},{"start":{},"end":{}}],"line":105},"4":{"loc":{"start":{"line":127,"column":4},"end":{"line":129,"column":null}},"type":"if","locations":[{"start":{"line":127,"column":4},"end":{"line":129,"column":null}},{"start":{},"end":{}}],"line":127}},"s":{"0":1,"1":1,"2":1,"3":1,"4":1,"5":0,"6":1,"7":2,"8":1,"9":2,"10":1,"11":1,"12":1,"13":1,"14":0,"15":1,"16":1,"17":0,"18":1},"f":{"0":1,"1":1,"2":2,"3":2,"4":1},"b":{"0":[1,0],"1":[1,0],"2":[0,0],"3":[0,1],"4":[0,1]},"meta":{"lastBranch":5,"lastFunction":5,"lastStatement":19,"seen":{"s:8:2:11:Infinity":0,"s:13:13:30:Infinity":1,"f:19:11:19:18":0,"b:20:4:27:Infinity:undefined:undefined:undefined:undefined":0,"s:20:4:27:Infinity":2,"s:21:6:26:Infinity":3,"f:23:40:23:41":1,"s:24:10:24:Infinity":4,"b:26:14:26:28:26:28:26:30":1,"s:28:4:28:Infinity":5,"b:28:59:28:73:28:73:28:75":2,"s:32:13:40:Infinity":6,"f:37:11:37:18":2,"s:38:4:38:Infinity":7,"s:42:13:80:Infinity":8,"f:58:11:58:18":3,"s:59:4:64:Infinity":9,"s:65:4:78:Infinity":10,"s:82:13:132:Infinity":11,"f:98:11:98:18":4,"s:99:4:104:Infinity":12,"b:105:4:112:Infinity:undefined:undefined:undefined:undefined":3,"s:105:4:112:Infinity":13,"s:106:6:111:Infinity":14,"s:113:10:126:Infinity":15,"b:127:4:129:Infinity:undefined:undefined:undefined:undefined":4,"s:127:4:129:Infinity":16,"s:128:6:128:Infinity":17,"s:130:4:130:Infinity":18}}}
,"/home/abdssamie/Projects/convex-ecom/src/component/admin/fulfillmentItems.ts": {"path":"/home/abdssamie/Projects/convex-ecom/src/component/admin/fulfillmentItems.ts","statementMap":{"0":{"start":{"line":8,"column":2},"end":{"line":11,"column":null}},"1":{"start":{"line":13,"column":13},"end":{"line":41,"column":null}},"2":{"start":{"line":21,"column":4},"end":{"line":28,"column":null}},"3":{"start":{"line":22,"column":6},"end":{"line":27,"column":null}},"4":{"start":{"line":25,"column":10},"end":{"line":25,"column":null}},"5":{"start":{"line":30,"column":4},"end":{"line":37,"column":null}},"6":{"start":{"line":31,"column":6},"end":{"line":36,"column":null}},"7":{"start":{"line":34,"column":10},"end":{"line":34,"column":null}},"8":{"start":{"line":39,"column":4},"end":{"line":39,"column":null}},"9":{"start":{"line":43,"column":13},"end":{"line":51,"column":null}},"10":{"start":{"line":49,"column":4},"end":{"line":49,"column":null}},"11":{"start":{"line":53,"column":13},"end":{"line":87,"column":null}},"12":{"start":{"line":62,"column":24},"end":{"line":67,"column":null}},"13":{"start":{"line":68,"column":22},"end":{"line":73,"column":null}},"14":{"start":{"line":74,"column":4},"end":{"line":76,"column":null}},"15":{"start":{"line":75,"column":6},"end":{"line":75,"column":null}},"16":{"start":{"line":77,"column":4},"end":{"line":79,"column":null}},"17":{"start":{"line":78,"column":6},"end":{"line":78,"column":null}},"18":{"start":{"line":80,"column":4},"end":{"line":85,"column":null}},"19":{"start":{"line":89,"column":13},"end":{"line":147,"column":null}},"20":{"start":{"line":98,"column":21},"end":{"line":103,"column":null}},"21":{"start":{"line":104,"column":33},"end":{"line":109,"column":null}},"22":{"start":{"line":110,"column":31},"end":{"line":115,"column":null}},"23":{"start":{"line":116,"column":26},"end":{"line":116,"column":null}},"24":{"start":{"line":117,"column":24},"end":{"line":117,"column":null}},"25":{"start":{"line":118,"column":24},"end":{"line":123,"column":null}},"26":{"start":{"line":124,"column":22},"end":{"line":129,"column":null}},"27":{"start":{"line":130,"column":4},"end":{"line":132,"column":null}},"28":{"start":{"line":131,"column":6},"end":{"line":131,"column":null}},"29":{"start":{"line":133,"column":4},"end":{"line":135,"column":null}},"30":{"start":{"line":134,"column":6},"end":{"line":134,"column":null}},"31":{"start":{"line":136,"column":10},"end":{"line":141,"column":null}},"32":{"start":{"line":142,"column":4},"end":{"line":144,"column":null}},"33":{"start":{"line":143,"column":6},"end":{"line":143,"column":null}},"34":{"start":{"line":145,"column":4},"end":{"line":145,"column":null}}},"fnMap":{"0":{"name":"(anonymous_0)","decl":{"start":{"line":20,"column":11},"end":{"line":20,"column":18}},"loc":{"start":{"line":20,"column":32},"end":{"line":40,"column":null}},"line":20},"1":{"name":"(anonymous_1)","decl":{"start":{"line":24,"column":40},"end":{"line":24,"column":41}},"loc":{"start":{"line":25,"column":10},"end":{"line":25,"column":null}},"line":25},"2":{"name":"(anonymous_2)","decl":{"start":{"line":33,"column":39},"end":{"line":33,"column":40}},"loc":{"start":{"line":34,"column":10},"end":{"line":34,"column":null}},"line":34},"3":{"name":"(anonymous_3)","decl":{"start":{"line":48,"column":11},"end":{"line":48,"column":18}},"loc":{"start":{"line":48,"column":32},"end":{"line":50,"column":null}},"line":48},"4":{"name":"(anonymous_4)","decl":{"start":{"line":61,"column":11},"end":{"line":61,"column":18}},"loc":{"start":{"line":61,"column":32},"end":{"line":86,"column":null}},"line":61},"5":{"name":"(anonymous_5)","decl":{"start":{"line":97,"column":11},"end":{"line":97,"column":18}},"loc":{"start":{"line":97,"column":32},"end":{"line":146,"column":null}},"line":97}},"branchMap":{"0":{"loc":{"start":{"line":21,"column":4},"end":{"line":28,"column":null}},"type":"if","locations":[{"start":{"line":21,"column":4},"end":{"line":28,"column":null}},{"start":{},"end":{}}],"line":21},"1":{"loc":{"start":{"line":27,"column":14},"end":{"line":27,"column":30}},"type":"binary-expr","locations":[{"start":{"line":27,"column":14},"end":{"line":27,"column":28}},{"start":{"line":27,"column":28},"end":{"line":27,"column":30}}],"line":27},"2":{"loc":{"start":{"line":30,"column":4},"end":{"line":37,"column":null}},"type":"if","locations":[{"start":{"line":30,"column":4},"end":{"line":37,"column":null}},{"start":{},"end":{}}],"line":30},"3":{"loc":{"start":{"line":36,"column":14},"end":{"line":36,"column":30}},"type":"binary-expr","locations":[{"start":{"line":36,"column":14},"end":{"line":36,"column":28}},{"start":{"line":36,"column":28},"end":{"line":36,"column":30}}],"line":36},"4":{"loc":{"start":{"line":39,"column":55},"end":{"line":39,"column":71}},"type":"binary-expr","locations":[{"start":{"line":39,"column":55},"end":{"line":39,"column":69}},{"start":{"line":39,"column":69},"end":{"line":39,"column":71}}],"line":39},"5":{"loc":{"start":{"line":74,"column":4},"end":{"line":76,"column":null}},"type":"if","locations":[{"start":{"line":74,"column":4},"end":{"line":76,"column":null}},{"start":{},"end":{}}],"line":74},"6":{"loc":{"start":{"line":77,"column":4},"end":{"line":79,"column":null}},"type":"if","locations":[{"start":{"line":77,"column":4},"end":{"line":79,"column":null}},{"start":{},"end":{}}],"line":77},"7":{"loc":{"start":{"line":116,"column":26},"end":{"line":116,"column":null}},"type":"binary-expr","locations":[{"start":{"line":116,"column":26},"end":{"line":116,"column":48}},{"start":{"line":116,"column":48},"end":{"line":116,"column":null}}],"line":116},"8":{"loc":{"start":{"line":117,"column":24},"end":{"line":117,"column":null}},"type":"binary-expr","locations":[{"start":{"line":117,"column":24},"end":{"line":117,"column":44}},{"start":{"line":117,"column":44},"end":{"line":117,"column":null}}],"line":117},"9":{"loc":{"start":{"line":130,"column":4},"end":{"line":132,"column":null}},"type":"if","locations":[{"start":{"line":130,"column":4},"end":{"line":132,"column":null}},{"start":{},"end":{}}],"line":130},"10":{"loc":{"start":{"line":133,"column":4},"end":{"line":135,"column":null}},"type":"if","locations":[{"start":{"line":133,"column":4},"end":{"line":135,"column":null}},{"start":{},"end":{}}],"line":133},"11":{"loc":{"start":{"line":133,"column":8},"end":{"line":133,"column":59}},"type":"binary-expr","locations":[{"start":{"line":133,"column":8},"end":{"line":133,"column":39}},{"start":{"line":133,"column":39},"end":{"line":133,"column":59}}],"line":133},"12":{"loc":{"start":{"line":142,"column":4},"end":{"line":144,"column":null}},"type":"if","locations":[{"start":{"line":142,"column":4},"end":{"line":144,"column":null}},{"start":{},"end":{}}],"line":142}},"s":{"0":1,"1":1,"2":2,"3":1,"4":1,"5":1,"6":1,"7":1,"8":0,"9":1,"10":2,"11":1,"12":4,"13":4,"14":4,"15":1,"16":3,"17":1,"18":2,"19":1,"20":2,"21":2,"22":2,"23":2,"24":2,"25":2,"26":2,"27":2,"28":0,"29":2,"30":1,"31":1,"32":1,"33":0,"34":1},"f":{"0":2,"1":1,"2":1,"3":2,"4":4,"5":2},"b":{"0":[1,1],"1":[1,0],"2":[1,0],"3":[1,0],"4":[0,0],"5":[1,3],"6":[1,2],"7":[2,2],"8":[2,2],"9":[0,2],"10":[1,1],"11":[2,2],"12":[0,1]},"meta":{"lastBranch":13,"lastFunction":6,"lastStatement":35,"seen":{"s:8:2:11:Infinity":0,"s:13:13:41:Infinity":1,"f:20:11:20:18":0,"b:21:4:28:Infinity:undefined:undefined:undefined:undefined":0,"s:21:4:28:Infinity":2,"s:22:6:27:Infinity":3,"f:24:40:24:41":1,"s:25:10:25:Infinity":4,"b:27:14:27:28:27:28:27:30":1,"b:30:4:37:Infinity:undefined:undefined:undefined:undefined":2,"s:30:4:37:Infinity":5,"s:31:6:36:Infinity":6,"f:33:39:33:40":2,"s:34:10:34:Infinity":7,"b:36:14:36:28:36:28:36:30":3,"s:39:4:39:Infinity":8,"b:39:55:39:69:39:69:39:71":4,"s:43:13:51:Infinity":9,"f:48:11:48:18":3,"s:49:4:49:Infinity":10,"s:53:13:87:Infinity":11,"f:61:11:61:18":4,"s:62:24:67:Infinity":12,"s:68:22:73:Infinity":13,"b:74:4:76:Infinity:undefined:undefined:undefined:undefined":5,"s:74:4:76:Infinity":14,"s:75:6:75:Infinity":15,"b:77:4:79:Infinity:undefined:undefined:undefined:undefined":6,"s:77:4:79:Infinity":16,"s:78:6:78:Infinity":17,"s:80:4:85:Infinity":18,"s:89:13:147:Infinity":19,"f:97:11:97:18":5,"s:98:21:103:Infinity":20,"s:104:33:109:Infinity":21,"s:110:31:115:Infinity":22,"s:116:26:116:Infinity":23,"b:116:26:116:48:116:48:116:Infinity":7,"s:117:24:117:Infinity":24,"b:117:24:117:44:117:44:117:Infinity":8,"s:118:24:123:Infinity":25,"s:124:22:129:Infinity":26,"b:130:4:132:Infinity:undefined:undefined:undefined:undefined":9,"s:130:4:132:Infinity":27,"s:131:6:131:Infinity":28,"b:133:4:135:Infinity:undefined:undefined:undefined:undefined":10,"s:133:4:135:Infinity":29,"b:133:8:133:39:133:39:133:59":11,"s:134:6:134:Infinity":30,"s:136:10:141:Infinity":31,"b:142:4:144:Infinity:undefined:undefined:undefined:undefined":12,"s:142:4:144:Infinity":32,"s:143:6:143:Infinity":33,"s:145:4:145:Infinity":34}}}
,"/home/abdssamie/Projects/convex-ecom/src/component/admin/fulfillmentLabels.ts": {"path":"/home/abdssamie/Projects/convex-ecom/src/component/admin/fulfillmentLabels.ts","statementMap":{"0":{"start":{"line":8,"column":2},"end":{"line":11,"column":null}},"1":{"start":{"line":13,"column":13},"end":{"line":30,"column":null}},"2":{"start":{"line":20,"column":4},"end":{"line":27,"column":null}},"3":{"start":{"line":21,"column":6},"end":{"line":26,"column":null}},"4":{"start":{"line":24,"column":10},"end":{"line":24,"column":null}},"5":{"start":{"line":28,"column":4},"end":{"line":28,"column":null}},"6":{"start":{"line":32,"column":13},"end":{"line":40,"column":null}},"7":{"start":{"line":38,"column":4},"end":{"line":38,"column":null}},"8":{"start":{"line":42,"column":13},"end":{"line":66,"column":null}},"9":{"start":{"line":52,"column":4},"end":{"line":57,"column":null}},"10":{"start":{"line":58,"column":4},"end":{"line":64,"column":null}},"11":{"start":{"line":68,"column":13},"end":{"line":104,"column":null}},"12":{"start":{"line":78,"column":4},"end":{"line":83,"column":null}},"13":{"start":{"line":84,"column":4},"end":{"line":91,"column":null}},"14":{"start":{"line":85,"column":6},"end":{"line":90,"column":null}},"15":{"start":{"line":92,"column":10},"end":{"line":98,"column":null}},"16":{"start":{"line":99,"column":4},"end":{"line":101,"column":null}},"17":{"start":{"line":100,"column":6},"end":{"line":100,"column":null}},"18":{"start":{"line":102,"column":4},"end":{"line":102,"column":null}}},"fnMap":{"0":{"name":"(anonymous_0)","decl":{"start":{"line":19,"column":11},"end":{"line":19,"column":18}},"loc":{"start":{"line":19,"column":32},"end":{"line":29,"column":null}},"line":19},"1":{"name":"(anonymous_1)","decl":{"start":{"line":23,"column":40},"end":{"line":23,"column":41}},"loc":{"start":{"line":24,"column":10},"end":{"line":24,"column":null}},"line":24},"2":{"name":"(anonymous_2)","decl":{"start":{"line":37,"column":11},"end":{"line":37,"column":18}},"loc":{"start":{"line":37,"column":32},"end":{"line":39,"column":null}},"line":37},"3":{"name":"(anonymous_3)","decl":{"start":{"line":51,"column":11},"end":{"line":51,"column":18}},"loc":{"start":{"line":51,"column":32},"end":{"line":65,"column":null}},"line":51},"4":{"name":"(anonymous_4)","decl":{"start":{"line":77,"column":11},"end":{"line":77,"column":18}},"loc":{"start":{"line":77,"column":32},"end":{"line":103,"column":null}},"line":77}},"branchMap":{"0":{"loc":{"start":{"line":20,"column":4},"end":{"line":27,"column":null}},"type":"if","locations":[{"start":{"line":20,"column":4},"end":{"line":27,"column":null}},{"start":{},"end":{}}],"line":20},"1":{"loc":{"start":{"line":26,"column":14},"end":{"line":26,"column":30}},"type":"binary-expr","locations":[{"start":{"line":26,"column":14},"end":{"line":26,"column":28}},{"start":{"line":26,"column":28},"end":{"line":26,"column":30}}],"line":26},"2":{"loc":{"start":{"line":28,"column":56},"end":{"line":28,"column":72}},"type":"binary-expr","locations":[{"start":{"line":28,"column":56},"end":{"line":28,"column":70}},{"start":{"line":28,"column":70},"end":{"line":28,"column":72}}],"line":28},"3":{"loc":{"start":{"line":84,"column":4},"end":{"line":91,"column":null}},"type":"if","locations":[{"start":{"line":84,"column":4},"end":{"line":91,"column":null}},{"start":{},"end":{}}],"line":84},"4":{"loc":{"start":{"line":99,"column":4},"end":{"line":101,"column":null}},"type":"if","locations":[{"start":{"line":99,"column":4},"end":{"line":101,"column":null}},{"start":{},"end":{}}],"line":99}},"s":{"0":1,"1":1,"2":1,"3":1,"4":1,"5":0,"6":1,"7":2,"8":1,"9":2,"10":1,"11":1,"12":1,"13":1,"14":0,"15":1,"16":1,"17":0,"18":1},"f":{"0":1,"1":1,"2":2,"3":2,"4":1},"b":{"0":[1,0],"1":[1,0],"2":[0,0],"3":[0,1],"4":[0,1]},"meta":{"lastBranch":5,"lastFunction":5,"lastStatement":19,"seen":{"s:8:2:11:Infinity":0,"s:13:13:30:Infinity":1,"f:19:11:19:18":0,"b:20:4:27:Infinity:undefined:undefined:undefined:undefined":0,"s:20:4:27:Infinity":2,"s:21:6:26:Infinity":3,"f:23:40:23:41":1,"s:24:10:24:Infinity":4,"b:26:14:26:28:26:28:26:30":1,"s:28:4:28:Infinity":5,"b:28:56:28:70:28:70:28:72":2,"s:32:13:40:Infinity":6,"f:37:11:37:18":2,"s:38:4:38:Infinity":7,"s:42:13:66:Infinity":8,"f:51:11:51:18":3,"s:52:4:57:Infinity":9,"s:58:4:64:Infinity":10,"s:68:13:104:Infinity":11,"f:77:11:77:18":4,"s:78:4:83:Infinity":12,"b:84:4:91:Infinity:undefined:undefined:undefined:undefined":3,"s:84:4:91:Infinity":13,"s:85:6:90:Infinity":14,"s:92:10:98:Infinity":15,"b:99:4:101:Infinity:undefined:undefined:undefined:undefined":4,"s:99:4:101:Infinity":16,"s:100:6:100:Infinity":17,"s:102:4:102:Infinity":18}}}
,"/home/abdssamie/Projects/convex-ecom/src/component/admin/fulfillments.ts": {"path":"/home/abdssamie/Projects/convex-ecom/src/component/admin/fulfillments.ts","statementMap":{"0":{"start":{"line":8,"column":29},"end":{"line":11,"column":null}},"1":{"start":{"line":13,"column":13},"end":{"line":38,"column":null}},"2":{"start":{"line":20,"column":4},"end":{"line":25,"column":null}},"3":{"start":{"line":21,"column":6},"end":{"line":24,"column":null}},"4":{"start":{"line":23,"column":41},"end":{"line":23,"column":71}},"5":{"start":{"line":27,"column":4},"end":{"line":34,"column":null}},"6":{"start":{"line":28,"column":6},"end":{"line":33,"column":null}},"7":{"start":{"line":31,"column":10},"end":{"line":31,"column":null}},"8":{"start":{"line":36,"column":4},"end":{"line":36,"column":null}},"9":{"start":{"line":40,"column":13},"end":{"line":48,"column":null}},"10":{"start":{"line":46,"column":4},"end":{"line":46,"column":null}},"11":{"start":{"line":50,"column":13},"end":{"line":99,"column":null}},"12":{"start":{"line":69,"column":4},"end":{"line":69,"column":null}},"13":{"start":{"line":70,"column":4},"end":{"line":70,"column":null}},"14":{"start":{"line":71,"column":4},"end":{"line":81,"column":null}},"15":{"start":{"line":72,"column":21},"end":{"line":77,"column":null}},"16":{"start":{"line":78,"column":6},"end":{"line":80,"column":null}},"17":{"start":{"line":79,"column":8},"end":{"line":79,"column":null}},"18":{"start":{"line":82,"column":4},"end":{"line":97,"column":null}},"19":{"start":{"line":101,"column":13},"end":{"line":165,"column":null}},"20":{"start":{"line":120,"column":21},"end":{"line":125,"column":null}},"21":{"start":{"line":126,"column":4},"end":{"line":128,"column":null}},"22":{"start":{"line":127,"column":6},"end":{"line":127,"column":null}},"23":{"start":{"line":129,"column":4},"end":{"line":131,"column":null}},"24":{"start":{"line":130,"column":6},"end":{"line":130,"column":null}},"25":{"start":{"line":132,"column":4},"end":{"line":143,"column":null}},"26":{"start":{"line":133,"column":21},"end":{"line":138,"column":null}},"27":{"start":{"line":139,"column":22},"end":{"line":139,"column":null}},"28":{"start":{"line":140,"column":6},"end":{"line":142,"column":null}},"29":{"start":{"line":141,"column":8},"end":{"line":141,"column":null}},"30":{"start":{"line":144,"column":10},"end":{"line":159,"column":null}},"31":{"start":{"line":160,"column":4},"end":{"line":162,"column":null}},"32":{"start":{"line":161,"column":6},"end":{"line":161,"column":null}},"33":{"start":{"line":163,"column":4},"end":{"line":163,"column":null}}},"fnMap":{"0":{"name":"(anonymous_0)","decl":{"start":{"line":19,"column":11},"end":{"line":19,"column":18}},"loc":{"start":{"line":19,"column":32},"end":{"line":37,"column":null}},"line":19},"1":{"name":"(anonymous_1)","decl":{"start":{"line":23,"column":34},"end":{"line":23,"column":35}},"loc":{"start":{"line":23,"column":41},"end":{"line":23,"column":71}},"line":23},"2":{"name":"(anonymous_2)","decl":{"start":{"line":30,"column":37},"end":{"line":30,"column":38}},"loc":{"start":{"line":31,"column":10},"end":{"line":31,"column":null}},"line":31},"3":{"name":"(anonymous_3)","decl":{"start":{"line":45,"column":11},"end":{"line":45,"column":18}},"loc":{"start":{"line":45,"column":32},"end":{"line":47,"column":null}},"line":45},"4":{"name":"(anonymous_4)","decl":{"start":{"line":68,"column":11},"end":{"line":68,"column":18}},"loc":{"start":{"line":68,"column":32},"end":{"line":98,"column":null}},"line":68},"5":{"name":"(anonymous_5)","decl":{"start":{"line":119,"column":11},"end":{"line":119,"column":18}},"loc":{"start":{"line":119,"column":32},"end":{"line":164,"column":null}},"line":119}},"branchMap":{"0":{"loc":{"start":{"line":20,"column":4},"end":{"line":25,"column":null}},"type":"if","locations":[{"start":{"line":20,"column":4},"end":{"line":25,"column":null}},{"start":{},"end":{}}],"line":20},"1":{"loc":{"start":{"line":27,"column":4},"end":{"line":34,"column":null}},"type":"if","locations":[{"start":{"line":27,"column":4},"end":{"line":34,"column":null}},{"start":{},"end":{}}],"line":27},"2":{"loc":{"start":{"line":71,"column":4},"end":{"line":81,"column":null}},"type":"if","locations":[{"start":{"line":71,"column":4},"end":{"line":81,"column":null}},{"start":{},"end":{}}],"line":71},"3":{"loc":{"start":{"line":78,"column":6},"end":{"line":80,"column":null}},"type":"if","locations":[{"start":{"line":78,"column":6},"end":{"line":80,"column":null}},{"start":{},"end":{}}],"line":78},"4":{"loc":{"start":{"line":126,"column":4},"end":{"line":128,"column":null}},"type":"if","locations":[{"start":{"line":126,"column":4},"end":{"line":128,"column":null}},{"start":{},"end":{}}],"line":126},"5":{"loc":{"start":{"line":129,"column":4},"end":{"line":131,"column":null}},"type":"if","locations":[{"start":{"line":129,"column":4},"end":{"line":131,"column":null}},{"start":{},"end":{}}],"line":129},"6":{"loc":{"start":{"line":132,"column":4},"end":{"line":143,"column":null}},"type":"if","locations":[{"start":{"line":132,"column":4},"end":{"line":143,"column":null}},{"start":{},"end":{}}],"line":132},"7":{"loc":{"start":{"line":139,"column":22},"end":{"line":139,"column":null}},"type":"binary-expr","locations":[{"start":{"line":139,"column":22},"end":{"line":139,"column":38}},{"start":{"line":139,"column":38},"end":{"line":139,"column":null}}],"line":139},"8":{"loc":{"start":{"line":140,"column":6},"end":{"line":142,"column":null}},"type":"if","locations":[{"start":{"line":140,"column":6},"end":{"line":142,"column":null}},{"start":{},"end":{}}],"line":140},"9":{"loc":{"start":{"line":160,"column":4},"end":{"line":162,"column":null}},"type":"if","locations":[{"start":{"line":160,"column":4},"end":{"line":162,"column":null}},{"start":{},"end":{}}],"line":160}},"s":{"0":1,"1":1,"2":2,"3":1,"4":1,"5":1,"6":1,"7":1,"8":0,"9":1,"10":2,"11":1,"12":6,"13":6,"14":6,"15":2,"16":2,"17":1,"18":5,"19":1,"20":2,"21":2,"22":0,"23":2,"24":0,"25":2,"26":1,"27":1,"28":1,"29":1,"30":1,"31":1,"32":0,"33":1},"f":{"0":2,"1":1,"2":1,"3":2,"4":6,"5":2},"b":{"0":[1,1],"1":[1,0],"2":[2,4],"3":[1,1],"4":[0,2],"5":[0,2],"6":[1,1],"7":[1,1],"8":[1,0],"9":[0,1]},"meta":{"lastBranch":10,"lastFunction":6,"lastStatement":34,"seen":{"s:8:29:11:Infinity":0,"s:13:13:38:Infinity":1,"f:19:11:19:18":0,"b:20:4:25:Infinity:undefined:undefined:undefined:undefined":0,"s:20:4:25:Infinity":2,"s:21:6:24:Infinity":3,"f:23:34:23:35":1,"s:23:41:23:71":4,"b:27:4:34:Infinity:undefined:undefined:undefined:undefined":1,"s:27:4:34:Infinity":5,"s:28:6:33:Infinity":6,"f:30:37:30:38":2,"s:31:10:31:Infinity":7,"s:36:4:36:Infinity":8,"s:40:13:48:Infinity":9,"f:45:11:45:18":3,"s:46:4:46:Infinity":10,"s:50:13:99:Infinity":11,"f:68:11:68:18":4,"s:69:4:69:Infinity":12,"s:70:4:70:Infinity":13,"b:71:4:81:Infinity:undefined:undefined:undefined:undefined":2,"s:71:4:81:Infinity":14,"s:72:21:77:Infinity":15,"b:78:6:80:Infinity:undefined:undefined:undefined:undefined":3,"s:78:6:80:Infinity":16,"s:79:8:79:Infinity":17,"s:82:4:97:Infinity":18,"s:101:13:165:Infinity":19,"f:119:11:119:18":5,"s:120:21:125:Infinity":20,"b:126:4:128:Infinity:undefined:undefined:undefined:undefined":4,"s:126:4:128:Infinity":21,"s:127:6:127:Infinity":22,"b:129:4:131:Infinity:undefined:undefined:undefined:undefined":5,"s:129:4:131:Infinity":23,"s:130:6:130:Infinity":24,"b:132:4:143:Infinity:undefined:undefined:undefined:undefined":6,"s:132:4:143:Infinity":25,"s:133:21:138:Infinity":26,"s:139:22:139:Infinity":27,"b:139:22:139:38:139:38:139:Infinity":7,"b:140:6:142:Infinity:undefined:undefined:undefined:undefined":8,"s:140:6:142:Infinity":28,"s:141:8:141:Infinity":29,"s:144:10:159:Infinity":30,"b:160:4:162:Infinity:undefined:undefined:undefined:undefined":9,"s:160:4:162:Infinity":31,"s:161:6:161:Infinity":32,"s:163:4:163:Infinity":33}}}
,"/home/abdssamie/Projects/convex-ecom/src/component/admin/inventoryItems.ts": {"path":"/home/abdssamie/Projects/convex-ecom/src/component/admin/inventoryItems.ts","statementMap":{"0":{"start":{"line":8,"column":31},"end":{"line":11,"column":null}},"1":{"start":{"line":13,"column":13},"end":{"line":22,"column":null}},"2":{"start":{"line":18,"column":4},"end":{"line":20,"column":null}},"3":{"start":{"line":24,"column":13},"end":{"line":32,"column":null}},"4":{"start":{"line":30,"column":4},"end":{"line":30,"column":null}},"5":{"start":{"line":34,"column":13},"end":{"line":54,"column":null}},"6":{"start":{"line":45,"column":4},"end":{"line":52,"column":null}},"7":{"start":{"line":56,"column":13},"end":{"line":86,"column":null}},"8":{"start":{"line":67,"column":4},"end":{"line":72,"column":null}},"9":{"start":{"line":73,"column":10},"end":{"line":80,"column":null}},"10":{"start":{"line":81,"column":4},"end":{"line":83,"column":null}},"11":{"start":{"line":82,"column":6},"end":{"line":82,"column":null}},"12":{"start":{"line":84,"column":4},"end":{"line":84,"column":null}}},"fnMap":{"0":{"name":"(anonymous_0)","decl":{"start":{"line":17,"column":11},"end":{"line":17,"column":18}},"loc":{"start":{"line":17,"column":32},"end":{"line":21,"column":null}},"line":17},"1":{"name":"(anonymous_1)","decl":{"start":{"line":29,"column":11},"end":{"line":29,"column":18}},"loc":{"start":{"line":29,"column":32},"end":{"line":31,"column":null}},"line":29},"2":{"name":"(anonymous_2)","decl":{"start":{"line":44,"column":11},"end":{"line":44,"column":18}},"loc":{"start":{"line":44,"column":32},"end":{"line":53,"column":null}},"line":44},"3":{"name":"(anonymous_3)","decl":{"start":{"line":66,"column":11},"end":{"line":66,"column":18}},"loc":{"start":{"line":66,"column":32},"end":{"line":85,"column":null}},"line":66}},"branchMap":{"0":{"loc":{"start":{"line":81,"column":4},"end":{"line":83,"column":null}},"type":"if","locations":[{"start":{"line":81,"column":4},"end":{"line":83,"column":null}},{"start":{},"end":{}}],"line":81}},"s":{"0":1,"1":1,"2":1,"3":1,"4":2,"5":1,"6":2,"7":1,"8":2,"9":1,"10":1,"11":0,"12":1},"f":{"0":1,"1":2,"2":2,"3":2},"b":{"0":[0,1]},"meta":{"lastBranch":1,"lastFunction":4,"lastStatement":13,"seen":{"s:8:31:11:Infinity":0,"s:13:13:22:Infinity":1,"f:17:11:17:18":0,"s:18:4:20:Infinity":2,"s:24:13:32:Infinity":3,"f:29:11:29:18":1,"s:30:4:30:Infinity":4,"s:34:13:54:Infinity":5,"f:44:11:44:18":2,"s:45:4:52:Infinity":6,"s:56:13:86:Infinity":7,"f:66:11:66:18":3,"s:67:4:72:Infinity":8,"s:73:10:80:Infinity":9,"b:81:4:83:Infinity:undefined:undefined:undefined:undefined":0,"s:81:4:83:Infinity":10,"s:82:6:82:Infinity":11,"s:84:4:84:Infinity":12}}}
,"/home/abdssamie/Projects/convex-ecom/src/component/admin/inventoryLevels.ts": {"path":"/home/abdssamie/Projects/convex-ecom/src/component/admin/inventoryLevels.ts","statementMap":{"0":{"start":{"line":7,"column":32},"end":{"line":10,"column":null}},"1":{"start":{"line":12,"column":13},"end":{"line":51,"column":null}},"2":{"start":{"line":20,"column":4},"end":{"line":29,"column":null}},"3":{"start":{"line":21,"column":6},"end":{"line":28,"column":null}},"4":{"start":{"line":24,"column":10},"end":{"line":26,"column":null}},"5":{"start":{"line":31,"column":4},"end":{"line":38,"column":null}},"6":{"start":{"line":32,"column":6},"end":{"line":37,"column":null}},"7":{"start":{"line":35,"column":10},"end":{"line":35,"column":null}},"8":{"start":{"line":40,"column":4},"end":{"line":47,"column":null}},"9":{"start":{"line":41,"column":6},"end":{"line":46,"column":null}},"10":{"start":{"line":44,"column":10},"end":{"line":44,"column":null}},"11":{"start":{"line":49,"column":4},"end":{"line":49,"column":null}},"12":{"start":{"line":53,"column":13},"end":{"line":61,"column":null}},"13":{"start":{"line":59,"column":4},"end":{"line":59,"column":null}},"14":{"start":{"line":63,"column":13},"end":{"line":101,"column":null}},"15":{"start":{"line":74,"column":4},"end":{"line":79,"column":null}},"16":{"start":{"line":80,"column":4},"end":{"line":80,"column":null}},"17":{"start":{"line":81,"column":21},"end":{"line":88,"column":null}},"18":{"start":{"line":84,"column":8},"end":{"line":86,"column":null}},"19":{"start":{"line":89,"column":4},"end":{"line":91,"column":null}},"20":{"start":{"line":90,"column":6},"end":{"line":90,"column":null}},"21":{"start":{"line":92,"column":4},"end":{"line":99,"column":null}},"22":{"start":{"line":103,"column":13},"end":{"line":129,"column":null}},"23":{"start":{"line":112,"column":4},"end":{"line":117,"column":null}},"24":{"start":{"line":118,"column":10},"end":{"line":123,"column":null}},"25":{"start":{"line":124,"column":4},"end":{"line":126,"column":null}},"26":{"start":{"line":125,"column":6},"end":{"line":125,"column":null}},"27":{"start":{"line":127,"column":4},"end":{"line":127,"column":null}}},"fnMap":{"0":{"name":"(anonymous_0)","decl":{"start":{"line":19,"column":11},"end":{"line":19,"column":18}},"loc":{"start":{"line":19,"column":32},"end":{"line":50,"column":null}},"line":19},"1":{"name":"(anonymous_1)","decl":{"start":{"line":23,"column":59},"end":{"line":23,"column":60}},"loc":{"start":{"line":24,"column":10},"end":{"line":26,"column":null}},"line":24},"2":{"name":"(anonymous_2)","decl":{"start":{"line":34,"column":43},"end":{"line":34,"column":44}},"loc":{"start":{"line":35,"column":10},"end":{"line":35,"column":null}},"line":35},"3":{"name":"(anonymous_3)","decl":{"start":{"line":43,"column":37},"end":{"line":43,"column":38}},"loc":{"start":{"line":44,"column":10},"end":{"line":44,"column":null}},"line":44},"4":{"name":"(anonymous_4)","decl":{"start":{"line":58,"column":11},"end":{"line":58,"column":18}},"loc":{"start":{"line":58,"column":32},"end":{"line":60,"column":null}},"line":58},"5":{"name":"(anonymous_5)","decl":{"start":{"line":73,"column":11},"end":{"line":73,"column":18}},"loc":{"start":{"line":73,"column":32},"end":{"line":100,"column":null}},"line":73},"6":{"name":"(anonymous_6)","decl":{"start":{"line":83,"column":57},"end":{"line":83,"column":58}},"loc":{"start":{"line":84,"column":8},"end":{"line":86,"column":null}},"line":84},"7":{"name":"(anonymous_7)","decl":{"start":{"line":111,"column":11},"end":{"line":111,"column":18}},"loc":{"start":{"line":111,"column":32},"end":{"line":128,"column":null}},"line":111}},"branchMap":{"0":{"loc":{"start":{"line":20,"column":4},"end":{"line":29,"column":null}},"type":"if","locations":[{"start":{"line":20,"column":4},"end":{"line":29,"column":null}},{"start":{},"end":{}}],"line":20},"1":{"loc":{"start":{"line":20,"column":8},"end":{"line":20,"column":49}},"type":"binary-expr","locations":[{"start":{"line":20,"column":8},"end":{"line":20,"column":32}},{"start":{"line":20,"column":32},"end":{"line":20,"column":49}}],"line":20},"2":{"loc":{"start":{"line":28,"column":14},"end":{"line":28,"column":30}},"type":"binary-expr","locations":[{"start":{"line":28,"column":14},"end":{"line":28,"column":28}},{"start":{"line":28,"column":28},"end":{"line":28,"column":30}}],"line":28},"3":{"loc":{"start":{"line":31,"column":4},"end":{"line":38,"column":null}},"type":"if","locations":[{"start":{"line":31,"column":4},"end":{"line":38,"column":null}},{"start":{},"end":{}}],"line":31},"4":{"loc":{"start":{"line":37,"column":14},"end":{"line":37,"column":30}},"type":"binary-expr","locations":[{"start":{"line":37,"column":14},"end":{"line":37,"column":28}},{"start":{"line":37,"column":28},"end":{"line":37,"column":30}}],"line":37},"5":{"loc":{"start":{"line":40,"column":4},"end":{"line":47,"column":null}},"type":"if","locations":[{"start":{"line":40,"column":4},"end":{"line":47,"column":null}},{"start":{},"end":{}}],"line":40},"6":{"loc":{"start":{"line":46,"column":14},"end":{"line":46,"column":30}},"type":"binary-expr","locations":[{"start":{"line":46,"column":14},"end":{"line":46,"column":28}},{"start":{"line":46,"column":28},"end":{"line":46,"column":30}}],"line":46},"7":{"loc":{"start":{"line":49,"column":54},"end":{"line":49,"column":70}},"type":"binary-expr","locations":[{"start":{"line":49,"column":54},"end":{"line":49,"column":68}},{"start":{"line":49,"column":68},"end":{"line":49,"column":70}}],"line":49},"8":{"loc":{"start":{"line":89,"column":4},"end":{"line":91,"column":null}},"type":"if","locations":[{"start":{"line":89,"column":4},"end":{"line":91,"column":null}},{"start":{},"end":{}}],"line":89},"9":{"loc":{"start":{"line":124,"column":4},"end":{"line":126,"column":null}},"type":"if","locations":[{"start":{"line":124,"column":4},"end":{"line":126,"column":null}},{"start":{},"end":{}}],"line":124}},"s":{"0":1,"1":1,"2":2,"3":0,"4":0,"5":2,"6":1,"7":1,"8":1,"9":1,"10":1,"11":0,"12":1,"13":2,"14":1,"15":4,"16":3,"17":3,"18":3,"19":3,"20":1,"21":2,"22":1,"23":3,"24":2,"25":2,"26":0,"27":2},"f":{"0":2,"1":0,"2":1,"3":1,"4":2,"5":4,"6":3,"7":3},"b":{"0":[0,2],"1":[2,1],"2":[0,0],"3":[1,1],"4":[1,0],"5":[1,0],"6":[1,0],"7":[0,0],"8":[1,2],"9":[0,2]},"meta":{"lastBranch":10,"lastFunction":8,"lastStatement":28,"seen":{"s:7:32:10:Infinity":0,"s:12:13:51:Infinity":1,"f:19:11:19:18":0,"b:20:4:29:Infinity:undefined:undefined:undefined:undefined":0,"s:20:4:29:Infinity":2,"b:20:8:20:32:20:32:20:49":1,"s:21:6:28:Infinity":3,"f:23:59:23:60":1,"s:24:10:26:Infinity":4,"b:28:14:28:28:28:28:28:30":2,"b:31:4:38:Infinity:undefined:undefined:undefined:undefined":3,"s:31:4:38:Infinity":5,"s:32:6:37:Infinity":6,"f:34:43:34:44":2,"s:35:10:35:Infinity":7,"b:37:14:37:28:37:28:37:30":4,"b:40:4:47:Infinity:undefined:undefined:undefined:undefined":5,"s:40:4:47:Infinity":8,"s:41:6:46:Infinity":9,"f:43:37:43:38":3,"s:44:10:44:Infinity":10,"b:46:14:46:28:46:28:46:30":6,"s:49:4:49:Infinity":11,"b:49:54:49:68:49:68:49:70":7,"s:53:13:61:Infinity":12,"f:58:11:58:18":4,"s:59:4:59:Infinity":13,"s:63:13:101:Infinity":14,"f:73:11:73:18":5,"s:74:4:79:Infinity":15,"s:80:4:80:Infinity":16,"s:81:21:88:Infinity":17,"f:83:57:83:58":6,"s:84:8:86:Infinity":18,"b:89:4:91:Infinity:undefined:undefined:undefined:undefined":8,"s:89:4:91:Infinity":19,"s:90:6:90:Infinity":20,"s:92:4:99:Infinity":21,"s:103:13:129:Infinity":22,"f:111:11:111:18":7,"s:112:4:117:Infinity":23,"s:118:10:123:Infinity":24,"b:124:4:126:Infinity:undefined:undefined:undefined:undefined":9,"s:124:4:126:Infinity":25,"s:125:6:125:Infinity":26,"s:127:4:127:Infinity":27}}}
,"/home/abdssamie/Projects/convex-ecom/src/component/admin/locations.ts": {"path":"/home/abdssamie/Projects/convex-ecom/src/component/admin/locations.ts","statementMap":{"0":{"start":{"line":7,"column":26},"end":{"line":10,"column":null}},"1":{"start":{"line":12,"column":13},"end":{"line":20,"column":null}},"2":{"start":{"line":18,"column":4},"end":{"line":18,"column":null}},"3":{"start":{"line":22,"column":13},"end":{"line":30,"column":null}},"4":{"start":{"line":28,"column":4},"end":{"line":28,"column":null}},"5":{"start":{"line":32,"column":13},"end":{"line":46,"column":null}},"6":{"start":{"line":40,"column":4},"end":{"line":44,"column":null}},"7":{"start":{"line":48,"column":13},"end":{"line":67,"column":null}},"8":{"start":{"line":56,"column":4},"end":{"line":56,"column":null}},"9":{"start":{"line":57,"column":10},"end":{"line":61,"column":null}},"10":{"start":{"line":62,"column":4},"end":{"line":64,"column":null}},"11":{"start":{"line":63,"column":6},"end":{"line":63,"column":null}},"12":{"start":{"line":65,"column":4},"end":{"line":65,"column":null}}},"fnMap":{"0":{"name":"(anonymous_0)","decl":{"start":{"line":17,"column":11},"end":{"line":17,"column":18}},"loc":{"start":{"line":17,"column":32},"end":{"line":19,"column":null}},"line":17},"1":{"name":"(anonymous_1)","decl":{"start":{"line":27,"column":11},"end":{"line":27,"column":18}},"loc":{"start":{"line":27,"column":32},"end":{"line":29,"column":null}},"line":27},"2":{"name":"(anonymous_2)","decl":{"start":{"line":39,"column":11},"end":{"line":39,"column":18}},"loc":{"start":{"line":39,"column":32},"end":{"line":45,"column":null}},"line":39},"3":{"name":"(anonymous_3)","decl":{"start":{"line":55,"column":11},"end":{"line":55,"column":18}},"loc":{"start":{"line":55,"column":32},"end":{"line":66,"column":null}},"line":55}},"branchMap":{"0":{"loc":{"start":{"line":18,"column":48},"end":{"line":18,"column":64}},"type":"binary-expr","locations":[{"start":{"line":18,"column":48},"end":{"line":18,"column":62}},{"start":{"line":18,"column":62},"end":{"line":18,"column":64}}],"line":18},"1":{"loc":{"start":{"line":62,"column":4},"end":{"line":64,"column":null}},"type":"if","locations":[{"start":{"line":62,"column":4},"end":{"line":64,"column":null}},{"start":{},"end":{}}],"line":62}},"s":{"0":3,"1":3,"2":1,"3":3,"4":2,"5":3,"6":8,"7":3,"8":2,"9":1,"10":1,"11":0,"12":1},"f":{"0":1,"1":2,"2":8,"3":2},"b":{"0":[1,0],"1":[0,1]},"meta":{"lastBranch":2,"lastFunction":4,"lastStatement":13,"seen":{"s:7:26:10:Infinity":0,"s:12:13:20:Infinity":1,"f:17:11:17:18":0,"s:18:4:18:Infinity":2,"b:18:48:18:62:18:62:18:64":0,"s:22:13:30:Infinity":3,"f:27:11:27:18":1,"s:28:4:28:Infinity":4,"s:32:13:46:Infinity":5,"f:39:11:39:18":2,"s:40:4:44:Infinity":6,"s:48:13:67:Infinity":7,"f:55:11:55:18":3,"s:56:4:56:Infinity":8,"s:57:10:61:Infinity":9,"b:62:4:64:Infinity:undefined:undefined:undefined:undefined":1,"s:62:4:64:Infinity":10,"s:63:6:63:Infinity":11,"s:65:4:65:Infinity":12}}}
,"/home/abdssamie/Projects/convex-ecom/src/component/admin/orderShippingMethods.ts": {"path":"/home/abdssamie/Projects/convex-ecom/src/component/admin/orderShippingMethods.ts","statementMap":{"0":{"start":{"line":8,"column":2},"end":{"line":11,"column":null}},"1":{"start":{"line":13,"column":13},"end":{"line":39,"column":null}},"2":{"start":{"line":21,"column":4},"end":{"line":26,"column":null}},"3":{"start":{"line":22,"column":6},"end":{"line":25,"column":null}},"4":{"start":{"line":24,"column":41},"end":{"line":24,"column":71}},"5":{"start":{"line":28,"column":4},"end":{"line":35,"column":null}},"6":{"start":{"line":29,"column":6},"end":{"line":34,"column":null}},"7":{"start":{"line":32,"column":10},"end":{"line":32,"column":null}},"8":{"start":{"line":37,"column":4},"end":{"line":37,"column":null}},"9":{"start":{"line":41,"column":13},"end":{"line":49,"column":null}},"10":{"start":{"line":47,"column":4},"end":{"line":47,"column":null}},"11":{"start":{"line":51,"column":13},"end":{"line":76,"column":null}},"12":{"start":{"line":64,"column":4},"end":{"line":64,"column":null}},"13":{"start":{"line":65,"column":4},"end":{"line":74,"column":null}},"14":{"start":{"line":78,"column":13},"end":{"line":115,"column":null}},"15":{"start":{"line":91,"column":4},"end":{"line":96,"column":null}},"16":{"start":{"line":97,"column":4},"end":{"line":99,"column":null}},"17":{"start":{"line":98,"column":6},"end":{"line":98,"column":null}},"18":{"start":{"line":100,"column":10},"end":{"line":109,"column":null}},"19":{"start":{"line":110,"column":4},"end":{"line":112,"column":null}},"20":{"start":{"line":111,"column":6},"end":{"line":111,"column":null}},"21":{"start":{"line":113,"column":4},"end":{"line":113,"column":null}}},"fnMap":{"0":{"name":"(anonymous_0)","decl":{"start":{"line":20,"column":11},"end":{"line":20,"column":18}},"loc":{"start":{"line":20,"column":32},"end":{"line":38,"column":null}},"line":20},"1":{"name":"(anonymous_1)","decl":{"start":{"line":24,"column":34},"end":{"line":24,"column":35}},"loc":{"start":{"line":24,"column":41},"end":{"line":24,"column":71}},"line":24},"2":{"name":"(anonymous_2)","decl":{"start":{"line":31,"column":44},"end":{"line":31,"column":45}},"loc":{"start":{"line":32,"column":10},"end":{"line":32,"column":null}},"line":32},"3":{"name":"(anonymous_3)","decl":{"start":{"line":46,"column":11},"end":{"line":46,"column":18}},"loc":{"start":{"line":46,"column":32},"end":{"line":48,"column":null}},"line":46},"4":{"name":"(anonymous_4)","decl":{"start":{"line":63,"column":11},"end":{"line":63,"column":18}},"loc":{"start":{"line":63,"column":32},"end":{"line":75,"column":null}},"line":63},"5":{"name":"(anonymous_5)","decl":{"start":{"line":90,"column":11},"end":{"line":90,"column":18}},"loc":{"start":{"line":90,"column":32},"end":{"line":114,"column":null}},"line":90}},"branchMap":{"0":{"loc":{"start":{"line":21,"column":4},"end":{"line":26,"column":null}},"type":"if","locations":[{"start":{"line":21,"column":4},"end":{"line":26,"column":null}},{"start":{},"end":{}}],"line":21},"1":{"loc":{"start":{"line":25,"column":14},"end":{"line":25,"column":30}},"type":"binary-expr","locations":[{"start":{"line":25,"column":14},"end":{"line":25,"column":28}},{"start":{"line":25,"column":28},"end":{"line":25,"column":30}}],"line":25},"2":{"loc":{"start":{"line":28,"column":4},"end":{"line":35,"column":null}},"type":"if","locations":[{"start":{"line":28,"column":4},"end":{"line":35,"column":null}},{"start":{},"end":{}}],"line":28},"3":{"loc":{"start":{"line":34,"column":14},"end":{"line":34,"column":30}},"type":"binary-expr","locations":[{"start":{"line":34,"column":14},"end":{"line":34,"column":28}},{"start":{"line":34,"column":28},"end":{"line":34,"column":30}}],"line":34},"4":{"loc":{"start":{"line":37,"column":59},"end":{"line":37,"column":75}},"type":"binary-expr","locations":[{"start":{"line":37,"column":59},"end":{"line":37,"column":73}},{"start":{"line":37,"column":73},"end":{"line":37,"column":75}}],"line":37},"5":{"loc":{"start":{"line":97,"column":4},"end":{"line":99,"column":null}},"type":"if","locations":[{"start":{"line":97,"column":4},"end":{"line":99,"column":null}},{"start":{},"end":{}}],"line":97},"6":{"loc":{"start":{"line":110,"column":4},"end":{"line":112,"column":null}},"type":"if","locations":[{"start":{"line":110,"column":4},"end":{"line":112,"column":null}},{"start":{},"end":{}}],"line":110}},"s":{"0":1,"1":1,"2":2,"3":1,"4":1,"5":1,"6":1,"7":1,"8":0,"9":1,"10":2,"11":1,"12":4,"13":3,"14":1,"15":2,"16":1,"17":0,"18":1,"19":1,"20":0,"21":1},"f":{"0":2,"1":1,"2":1,"3":2,"4":4,"5":2},"b":{"0":[1,1],"1":[1,0],"2":[1,0],"3":[1,0],"4":[0,0],"5":[0,1],"6":[0,1]},"meta":{"lastBranch":7,"lastFunction":6,"lastStatement":22,"seen":{"s:8:2:11:Infinity":0,"s:13:13:39:Infinity":1,"f:20:11:20:18":0,"b:21:4:26:Infinity:undefined:undefined:undefined:undefined":0,"s:21:4:26:Infinity":2,"s:22:6:25:Infinity":3,"f:24:34:24:35":1,"s:24:41:24:71":4,"b:25:14:25:28:25:28:25:30":1,"b:28:4:35:Infinity:undefined:undefined:undefined:undefined":2,"s:28:4:35:Infinity":5,"s:29:6:34:Infinity":6,"f:31:44:31:45":2,"s:32:10:32:Infinity":7,"b:34:14:34:28:34:28:34:30":3,"s:37:4:37:Infinity":8,"b:37:59:37:73:37:73:37:75":4,"s:41:13:49:Infinity":9,"f:46:11:46:18":3,"s:47:4:47:Infinity":10,"s:51:13:76:Infinity":11,"f:63:11:63:18":4,"s:64:4:64:Infinity":12,"s:65:4:74:Infinity":13,"s:78:13:115:Infinity":14,"f:90:11:90:18":5,"s:91:4:96:Infinity":15,"b:97:4:99:Infinity:undefined:undefined:undefined:undefined":5,"s:97:4:99:Infinity":16,"s:98:6:98:Infinity":17,"s:100:10:109:Infinity":18,"b:110:4:112:Infinity:undefined:undefined:undefined:undefined":6,"s:110:4:112:Infinity":19,"s:111:6:111:Infinity":20,"s:113:4:113:Infinity":21}}}
,"/home/abdssamie/Projects/convex-ecom/src/component/admin/paymentAttempts.ts": {"path":"/home/abdssamie/Projects/convex-ecom/src/component/admin/paymentAttempts.ts","statementMap":{"0":{"start":{"line":8,"column":32},"end":{"line":11,"column":null}},"1":{"start":{"line":13,"column":13},"end":{"line":28,"column":null}},"2":{"start":{"line":20,"column":4},"end":{"line":25,"column":null}},"3":{"start":{"line":21,"column":6},"end":{"line":24,"column":null}},"4":{"start":{"line":23,"column":40},"end":{"line":23,"column":74}},"5":{"start":{"line":26,"column":4},"end":{"line":26,"column":null}},"6":{"start":{"line":30,"column":13},"end":{"line":38,"column":null}},"7":{"start":{"line":36,"column":4},"end":{"line":36,"column":null}},"8":{"start":{"line":40,"column":13},"end":{"line":56,"column":null}},"9":{"start":{"line":48,"column":4},"end":{"line":48,"column":null}},"10":{"start":{"line":49,"column":4},"end":{"line":54,"column":null}},"11":{"start":{"line":58,"column":13},"end":{"line":85,"column":null}},"12":{"start":{"line":66,"column":4},"end":{"line":71,"column":null}},"13":{"start":{"line":72,"column":4},"end":{"line":74,"column":null}},"14":{"start":{"line":73,"column":6},"end":{"line":73,"column":null}},"15":{"start":{"line":75,"column":10},"end":{"line":79,"column":null}},"16":{"start":{"line":80,"column":4},"end":{"line":82,"column":null}},"17":{"start":{"line":81,"column":6},"end":{"line":81,"column":null}},"18":{"start":{"line":83,"column":4},"end":{"line":83,"column":null}}},"fnMap":{"0":{"name":"(anonymous_0)","decl":{"start":{"line":19,"column":11},"end":{"line":19,"column":18}},"loc":{"start":{"line":19,"column":32},"end":{"line":27,"column":null}},"line":19},"1":{"name":"(anonymous_1)","decl":{"start":{"line":23,"column":33},"end":{"line":23,"column":34}},"loc":{"start":{"line":23,"column":40},"end":{"line":23,"column":74}},"line":23},"2":{"name":"(anonymous_2)","decl":{"start":{"line":35,"column":11},"end":{"line":35,"column":18}},"loc":{"start":{"line":35,"column":32},"end":{"line":37,"column":null}},"line":35},"3":{"name":"(anonymous_3)","decl":{"start":{"line":47,"column":11},"end":{"line":47,"column":18}},"loc":{"start":{"line":47,"column":32},"end":{"line":55,"column":null}},"line":47},"4":{"name":"(anonymous_4)","decl":{"start":{"line":65,"column":11},"end":{"line":65,"column":18}},"loc":{"start":{"line":65,"column":32},"end":{"line":84,"column":null}},"line":65}},"branchMap":{"0":{"loc":{"start":{"line":20,"column":4},"end":{"line":25,"column":null}},"type":"if","locations":[{"start":{"line":20,"column":4},"end":{"line":25,"column":null}},{"start":{},"end":{}}],"line":20},"1":{"loc":{"start":{"line":24,"column":14},"end":{"line":24,"column":30}},"type":"binary-expr","locations":[{"start":{"line":24,"column":14},"end":{"line":24,"column":28}},{"start":{"line":24,"column":28},"end":{"line":24,"column":30}}],"line":24},"2":{"loc":{"start":{"line":26,"column":54},"end":{"line":26,"column":70}},"type":"binary-expr","locations":[{"start":{"line":26,"column":54},"end":{"line":26,"column":68}},{"start":{"line":26,"column":68},"end":{"line":26,"column":70}}],"line":26},"3":{"loc":{"start":{"line":72,"column":4},"end":{"line":74,"column":null}},"type":"if","locations":[{"start":{"line":72,"column":4},"end":{"line":74,"column":null}},{"start":{},"end":{}}],"line":72},"4":{"loc":{"start":{"line":80,"column":4},"end":{"line":82,"column":null}},"type":"if","locations":[{"start":{"line":80,"column":4},"end":{"line":82,"column":null}},{"start":{},"end":{}}],"line":80}},"s":{"0":1,"1":1,"2":1,"3":1,"4":1,"5":0,"6":1,"7":2,"8":1,"9":3,"10":2,"11":1,"12":3,"13":2,"14":1,"15":1,"16":1,"17":0,"18":1},"f":{"0":1,"1":1,"2":2,"3":3,"4":3},"b":{"0":[1,0],"1":[1,0],"2":[0,0],"3":[1,1],"4":[0,1]},"meta":{"lastBranch":5,"lastFunction":5,"lastStatement":19,"seen":{"s:8:32:11:Infinity":0,"s:13:13:28:Infinity":1,"f:19:11:19:18":0,"b:20:4:25:Infinity:undefined:undefined:undefined:undefined":0,"s:20:4:25:Infinity":2,"s:21:6:24:Infinity":3,"f:23:33:23:34":1,"s:23:40:23:74":4,"b:24:14:24:28:24:28:24:30":1,"s:26:4:26:Infinity":5,"b:26:54:26:68:26:68:26:70":2,"s:30:13:38:Infinity":6,"f:35:11:35:18":2,"s:36:4:36:Infinity":7,"s:40:13:56:Infinity":8,"f:47:11:47:18":3,"s:48:4:48:Infinity":9,"s:49:4:54:Infinity":10,"s:58:13:85:Infinity":11,"f:65:11:65:18":4,"s:66:4:71:Infinity":12,"b:72:4:74:Infinity:undefined:undefined:undefined:undefined":3,"s:72:4:74:Infinity":13,"s:73:6:73:Infinity":14,"s:75:10:79:Infinity":15,"b:80:4:82:Infinity:undefined:undefined:undefined:undefined":4,"s:80:4:82:Infinity":16,"s:81:6:81:Infinity":17,"s:83:4:83:Infinity":18}}}
,"/home/abdssamie/Projects/convex-ecom/src/component/admin/payments.ts": {"path":"/home/abdssamie/Projects/convex-ecom/src/component/admin/payments.ts","statementMap":{"0":{"start":{"line":8,"column":25},"end":{"line":11,"column":null}},"1":{"start":{"line":13,"column":13},"end":{"line":39,"column":null}},"2":{"start":{"line":21,"column":4},"end":{"line":26,"column":null}},"3":{"start":{"line":22,"column":6},"end":{"line":25,"column":null}},"4":{"start":{"line":24,"column":37},"end":{"line":24,"column":65}},"5":{"start":{"line":28,"column":4},"end":{"line":35,"column":null}},"6":{"start":{"line":29,"column":6},"end":{"line":34,"column":null}},"7":{"start":{"line":32,"column":10},"end":{"line":32,"column":null}},"8":{"start":{"line":37,"column":4},"end":{"line":37,"column":null}},"9":{"start":{"line":41,"column":13},"end":{"line":49,"column":null}},"10":{"start":{"line":47,"column":4},"end":{"line":47,"column":null}},"11":{"start":{"line":51,"column":13},"end":{"line":89,"column":null}},"12":{"start":{"line":65,"column":4},"end":{"line":65,"column":null}},"13":{"start":{"line":66,"column":4},"end":{"line":76,"column":null}},"14":{"start":{"line":67,"column":20},"end":{"line":72,"column":null}},"15":{"start":{"line":73,"column":6},"end":{"line":75,"column":null}},"16":{"start":{"line":74,"column":8},"end":{"line":74,"column":null}},"17":{"start":{"line":77,"column":4},"end":{"line":87,"column":null}},"18":{"start":{"line":91,"column":13},"end":{"line":142,"column":null}},"19":{"start":{"line":105,"column":21},"end":{"line":110,"column":null}},"20":{"start":{"line":111,"column":4},"end":{"line":113,"column":null}},"21":{"start":{"line":112,"column":6},"end":{"line":112,"column":null}},"22":{"start":{"line":114,"column":4},"end":{"line":125,"column":null}},"23":{"start":{"line":115,"column":20},"end":{"line":120,"column":null}},"24":{"start":{"line":121,"column":21},"end":{"line":121,"column":null}},"25":{"start":{"line":122,"column":6},"end":{"line":124,"column":null}},"26":{"start":{"line":123,"column":8},"end":{"line":123,"column":null}},"27":{"start":{"line":126,"column":10},"end":{"line":136,"column":null}},"28":{"start":{"line":137,"column":4},"end":{"line":139,"column":null}},"29":{"start":{"line":138,"column":6},"end":{"line":138,"column":null}},"30":{"start":{"line":140,"column":4},"end":{"line":140,"column":null}}},"fnMap":{"0":{"name":"(anonymous_0)","decl":{"start":{"line":20,"column":11},"end":{"line":20,"column":18}},"loc":{"start":{"line":20,"column":32},"end":{"line":38,"column":null}},"line":20},"1":{"name":"(anonymous_1)","decl":{"start":{"line":24,"column":30},"end":{"line":24,"column":31}},"loc":{"start":{"line":24,"column":37},"end":{"line":24,"column":65}},"line":24},"2":{"name":"(anonymous_2)","decl":{"start":{"line":31,"column":40},"end":{"line":31,"column":41}},"loc":{"start":{"line":32,"column":10},"end":{"line":32,"column":null}},"line":32},"3":{"name":"(anonymous_3)","decl":{"start":{"line":46,"column":11},"end":{"line":46,"column":18}},"loc":{"start":{"line":46,"column":32},"end":{"line":48,"column":null}},"line":46},"4":{"name":"(anonymous_4)","decl":{"start":{"line":64,"column":11},"end":{"line":64,"column":18}},"loc":{"start":{"line":64,"column":32},"end":{"line":88,"column":null}},"line":64},"5":{"name":"(anonymous_5)","decl":{"start":{"line":104,"column":11},"end":{"line":104,"column":18}},"loc":{"start":{"line":104,"column":32},"end":{"line":141,"column":null}},"line":104}},"branchMap":{"0":{"loc":{"start":{"line":21,"column":4},"end":{"line":26,"column":null}},"type":"if","locations":[{"start":{"line":21,"column":4},"end":{"line":26,"column":null}},{"start":{},"end":{}}],"line":21},"1":{"loc":{"start":{"line":25,"column":14},"end":{"line":25,"column":30}},"type":"binary-expr","locations":[{"start":{"line":25,"column":14},"end":{"line":25,"column":28}},{"start":{"line":25,"column":28},"end":{"line":25,"column":30}}],"line":25},"2":{"loc":{"start":{"line":28,"column":4},"end":{"line":35,"column":null}},"type":"if","locations":[{"start":{"line":28,"column":4},"end":{"line":35,"column":null}},{"start":{},"end":{}}],"line":28},"3":{"loc":{"start":{"line":34,"column":14},"end":{"line":34,"column":30}},"type":"binary-expr","locations":[{"start":{"line":34,"column":14},"end":{"line":34,"column":28}},{"start":{"line":34,"column":28},"end":{"line":34,"column":30}}],"line":34},"4":{"loc":{"start":{"line":37,"column":47},"end":{"line":37,"column":63}},"type":"binary-expr","locations":[{"start":{"line":37,"column":47},"end":{"line":37,"column":61}},{"start":{"line":37,"column":61},"end":{"line":37,"column":63}}],"line":37},"5":{"loc":{"start":{"line":66,"column":4},"end":{"line":76,"column":null}},"type":"if","locations":[{"start":{"line":66,"column":4},"end":{"line":76,"column":null}},{"start":{},"end":{}}],"line":66},"6":{"loc":{"start":{"line":73,"column":6},"end":{"line":75,"column":null}},"type":"if","locations":[{"start":{"line":73,"column":6},"end":{"line":75,"column":null}},{"start":{},"end":{}}],"line":73},"7":{"loc":{"start":{"line":111,"column":4},"end":{"line":113,"column":null}},"type":"if","locations":[{"start":{"line":111,"column":4},"end":{"line":113,"column":null}},{"start":{},"end":{}}],"line":111},"8":{"loc":{"start":{"line":114,"column":4},"end":{"line":125,"column":null}},"type":"if","locations":[{"start":{"line":114,"column":4},"end":{"line":125,"column":null}},{"start":{},"end":{}}],"line":114},"9":{"loc":{"start":{"line":121,"column":21},"end":{"line":121,"column":null}},"type":"binary-expr","locations":[{"start":{"line":121,"column":21},"end":{"line":121,"column":36}},{"start":{"line":121,"column":36},"end":{"line":121,"column":null}}],"line":121},"10":{"loc":{"start":{"line":122,"column":6},"end":{"line":124,"column":null}},"type":"if","locations":[{"start":{"line":122,"column":6},"end":{"line":124,"column":null}},{"start":{},"end":{}}],"line":122},"11":{"loc":{"start":{"line":137,"column":4},"end":{"line":139,"column":null}},"type":"if","locations":[{"start":{"line":137,"column":4},"end":{"line":139,"column":null}},{"start":{},"end":{}}],"line":137}},"s":{"0":1,"1":1,"2":2,"3":1,"4":1,"5":1,"6":1,"7":1,"8":0,"9":1,"10":2,"11":1,"12":6,"13":6,"14":3,"15":3,"16":1,"17":5,"18":1,"19":3,"20":2,"21":0,"22":2,"23":1,"24":1,"25":1,"26":1,"27":1,"28":1,"29":0,"30":1},"f":{"0":2,"1":1,"2":1,"3":2,"4":6,"5":3},"b":{"0":[1,1],"1":[1,0],"2":[1,0],"3":[1,0],"4":[0,0]
[...]
4":{"start":{"line":29,"column":13},"end":{"line":137,"column":null}},"5":{"start":{"line":36,"column":17},"end":{"line":36,"column":null}},"6":{"start":{"line":37,"column":4},"end":{"line":39,"column":null}},"7":{"start":{"line":38,"column":6},"end":{"line":38,"column":null}},"8":{"start":{"line":40,"column":4},"end":{"line":42,"column":null}},"9":{"start":{"line":41,"column":6},"end":{"line":41,"column":null}},"10":{"start":{"line":43,"column":4},"end":{"line":45,"column":null}},"11":{"start":{"line":44,"column":6},"end":{"line":44,"column":null}},"12":{"start":{"line":46,"column":4},"end":{"line":48,"column":null}},"13":{"start":{"line":47,"column":6},"end":{"line":47,"column":null}},"14":{"start":{"line":49,"column":4},"end":{"line":56,"column":null}},"15":{"start":{"line":50,"column":6},"end":{"line":55,"column":null}},"16":{"start":{"line":58,"column":18},"end":{"line":61,"column":null}},"17":{"start":{"line":60,"column":35},"end":{"line":60,"column":62}},"18":{"start":{"line":63,"column":4},"end":{"line":65,"column":null}},"19":{"start":{"line":64,"column":6},"end":{"line":64,"column":null}},"20":{"start":{"line":67,"column":20},"end":{"line":79,"column":null}},"21":{"start":{"line":81,"column":4},"end":{"line":106,"column":null}},"22":{"start":{"line":83,"column":8},"end":{"line":104,"column":null}},"23":{"start":{"line":108,"column":27},"end":{"line":111,"column":null}},"24":{"start":{"line":110,"column":38},"end":{"line":110,"column":65}},"25":{"start":{"line":113,"column":4},"end":{"line":115,"column":null}},"26":{"start":{"line":114,"column":6},"end":{"line":114,"column":null}},"27":{"start":{"line":117,"column":4},"end":{"line":123,"column":null}},"28":{"start":{"line":119,"column":8},"end":{"line":121,"column":null}},"29":{"start":{"line":125,"column":4},"end":{"line":131,"column":null}},"30":{"start":{"line":133,"column":4},"end":{"line":133,"column":null}},"31":{"start":{"line":135,"column":4},"end":{"line":135,"column":null}},"32":{"start":{"line":139,"column":13},"end":{"line":175,"column":null}},"33":{"start":{"line":153,"column":18},"end":{"line":153,"column":null}},"34":{"start":{"line":154,"column":4},"end":{"line":156,"column":null}},"35":{"start":{"line":155,"column":6},"end":{"line":155,"column":null}},"36":{"start":{"line":158,"column":48},"end":{"line":171,"column":null}},"37":{"start":{"line":161,"column":41},"end":{"line":161,"column":70}},"38":{"start":{"line":165,"column":41},"end":{"line":165,"column":70}},"39":{"start":{"line":169,"column":41},"end":{"line":169,"column":70}},"40":{"start":{"line":173,"column":4},"end":{"line":173,"column":null}},"41":{"start":{"line":177,"column":13},"end":{"line":189,"column":null}},"42":{"start":{"line":183,"column":4},"end":{"line":187,"column":null}},"43":{"start":{"line":185,"column":39},"end":{"line":185,"column":74}},"44":{"start":{"line":191,"column":13},"end":{"line":204,"column":null}},"45":{"start":{"line":197,"column":4},"end":{"line":197,"column":null}},"46":{"start":{"line":199,"column":6},"end":{"line":201,"column":null}},"47":{"start":{"line":202,"column":4},"end":{"line":202,"column":null}},"48":{"start":{"line":206,"column":13},"end":{"line":253,"column":null}},"49":{"start":{"line":218,"column":22},"end":{"line":224,"column":null}},"50":{"start":{"line":225,"column":22},"end":{"line":231,"column":null}},"51":{"start":{"line":232,"column":4},"end":{"line":237,"column":null}},"52":{"start":{"line":238,"column":24},"end":{"line":243,"column":null}},"53":{"start":{"line":244,"column":4},"end":{"line":249,"column":null}},"54":{"start":{"line":251,"column":4},"end":{"line":251,"column":null}}},"fnMap":{"0":{"name":"(anonymous_0)","decl":{"start":{"line":35,"column":11},"end":{"line":35,"column":18}},"loc":{"start":{"line":35,"column":32},"end":{"line":136,"column":null}},"line":35},"1":{"name":"(anonymous_1)","decl":{"start":{"line":60,"column":28},"end":{"line":60,"column":29}},"loc":{"start":{"line":60,"column":35},"end":{"line":60,"column":62}},"line":60},"2":{"name":"(anonymous_2)","decl":{"start":{"line":82,"column":16},"end":{"line":82,"column":17}},"loc":{"start":{"line":83,"column":8},"end":{"line":104,"column":null}},"line":83},"3":{"name":"(anonymous_3)","decl":{"start":{"line":110,"column":31},"end":{"line":110,"column":32}},"loc":{"start":{"line":110,"column":38},"end":{"line":110,"column":65}},"line":110},"4":{"name":"(anonymous_4)","decl":{"start":{"line":118,"column":25},"end":{"line":118,"column":26}},"loc":{"start":{"line":119,"column":8},"end":{"line":121,"column":null}},"line":119},"5":{"name":"(anonymous_5)","decl":{"start":{"line":152,"column":11},"end":{"line":152,"column":18}},"loc":{"start":{"line":152,"column":32},"end":{"line":174,"column":null}},"line":152},"6":{"name":"(anonymous_6)","decl":{"start":{"line":161,"column":34},"end":{"line":161,"column":35}},"loc":{"start":{"line":161,"column":41},"end":{"line":161,"column":70}},"line":161},"7":{"name":"(anonymous_7)","decl":{"start":{"line":165,"column":34},"end":{"line":165,"column":35}},"loc":{"start":{"line":165,"column":41},"end":{"line":165,"column":70}},"line":165},"8":{"name":"(anonymous_8)","decl":{"start":{"line":169,"column":34},"end":{"line":169,"column":35}},"loc":{"start":{"line":169,"column":41},"end":{"line":169,"column":70}},"line":169},"9":{"name":"(anonymous_9)","decl":{"start":{"line":182,"column":11},"end":{"line":182,"column":18}},"loc":{"start":{"line":182,"column":32},"end":{"line":188,"column":null}},"line":182},"10":{"name":"(anonymous_10)","decl":{"start":{"line":185,"column":32},"end":{"line":185,"column":33}},"loc":{"start":{"line":185,"column":39},"end":{"line":185,"column":74}},"line":185},"11":{"name":"(anonymous_11)","decl":{"start":{"line":196,"column":11},"end":{"line":196,"column":18}},"loc":{"start":{"line":196,"column":32},"end":{"line":203,"column":null}},"line":196},"12":{"name":"(anonymous_12)","decl":{"start":{"line":217,"column":11},"end":{"line":217,"column":18}},"loc":{"start":{"line":217,"column":32},"end":{"line":252,"column":null}},"line":217}},"branchMap":{"0":{"loc":{"start":{"line":37,"column":4},"end":{"line":39,"column":null}},"type":"if","locations":[{"start":{"line":37,"column":4},"end":{"line":39,"column":null}},{"start":{},"end":{}}],"line":37},"1":{"loc":{"start":{"line":37,"column":8},"end":{"line":37,"column":49}},"type":"binary-expr","locations":[{"start":{"line":37,"column":8},"end":{"line":37,"column":17}},{"start":{"line":37,"column":17},"end":{"line":37,"column":49}}],"line":37},"2":{"loc":{"start":{"line":40,"column":4},"end":{"line":42,"column":null}},"type":"if","locations":[{"start":{"line":40,"column":4},"end":{"line":42,"column":null}},{"start":{},"end":{}}],"line":40},"3":{"loc":{"start":{"line":43,"column":4},"end":{"line":45,"column":null}},"type":"if","locations":[{"start":{"line":43,"column":4},"end":{"line":45,"column":null}},{"start":{},"end":{}}],"line":43},"4":{"loc":{"start":{"line":46,"column":4},"end":{"line":48,"column":null}},"type":"if","locations":[{"start":{"line":46,"column":4},"end":{"line":48,"column":null}},{"start":{},"end":{}}],"line":46},"5":{"loc":{"start":{"line":49,"column":4},"end":{"line":56,"column":null}},"type":"if","locations":[{"start":{"line":49,"column":4},"end":{"line":56,"column":null}},{"start":{},"end":{}}],"line":49},"6":{"loc":{"start":{"line":63,"column":4},"end":{"line":65,"column":null}},"type":"if","locations":[{"start":{"line":63,"column":4},"end":{"line":65,"column":null}},{"start":{},"end":{}}],"line":63},"7":{"loc":{"start":{"line":75,"column":14},"end":{"line":75,"column":null}},"type":"binary-expr","locations":[{"start":{"line":75,"column":14},"end":{"line":75,"column":29}},{"start":{"line":75,"column":29},"end":{"line":75,"column":null}}],"line":75},"8":{"loc":{"start":{"line":113,"column":4},"end":{"line":115,"column":null}},"type":"if","locations":[{"start":{"line":113,"column":4},"end":{"line":115,"column":null}},{"start":{},"end":{}}],"line":113},"9":{"loc":{"start":{"line":119,"column":8},"end":{"line":121,"column":null}},"type":"cond-expr","locations":[{"start":{"line":120,"column":12},"end":{"line":120,"column":null}},{"start":{"line":121,"column":12},"end":{"line":121,"column":null}}],"line":119},"10":{"loc":{"start":{"line":154,"column":4},"end":{"line":156,"column":null}},"type":"if","locations":[{"start":{"line":154,"column":4},"end":{"line":156,"column":null}},{"start":{},"end":{}}],"line":154},"11":{"loc":{"start":{"line":199,"column":6},"end":{"line":201,"column":null}},"type":"cond-expr","locations":[{"start":{"line":200,"column":10},"end":{"line":200,"column":null}},{"start":{"line":201,"column":10},"end":{"line":201,"column":null}}],"line":199}},"s":{"0":2,"1":2,"2":2,"3":2,"4":2,"5":1,"6":1,"7":0,"8":1,"9":0,"10":1,"11":0,"12":1,"13":0,"14":1,"15":0,"16":1,"17":1,"18":1,"19":0,"20":1,"21":1,"22":1,"23":1,"24":1,"25":1,"26":0,"27":1,"28":1,"29":1,"30":1,"31":1,"32":2,"33":2,"34":2,"35":0,"36":2,"37":2,"38":2,"39":2,"40":2,"41":2,"42":1,"43":1,"44":2,"45":2,"46":1,"47":2,"48":2,"49":2,"50":2,"51":2,"52":2,"53":2,"54":2},"f":{"0":1,"1":1,"2":1,"3":1,"4":1,"5":2,"6":2,"7":2,"8":2,"9":1,"10":1,"11":2,"12":2},"b":{"0":[0,1],"1":[1,1],"2":[0,1],"3":[0,1],"4":[0,1],"5":[0,1],"6":[0,1],"7":[1,1],"8":[0,1],"9":[1,0],"10":[0,2],"11":[1,0]},"meta":{"lastBranch":12,"lastFunction":13,"lastStatement":55,"seen":{"s:8:23:11:Infinity":0,"s:13:27:16:Infinity":1,"s:18:30:21:Infinity":2,"s:24:2:27:Infinity":3,"s:29:13:137:Infinity":4,"f:35:11:35:18":0,"s:36:17:36:Infinity":5,"b:37:4:39:Infinity:undefined:undefined:undefined:undefined":0,"s:37:4:39:Infinity":6,"b:37:8:37:17:37:17:37:49":1,"s:38:6:38:Infinity":7,"b:40:4:42:Infinity:undefined:undefined:undefined:undefined":2,"s:40:4:42:Infinity":8,"s:41:6:41:Infinity":9,"b:43:4:45:Infinity:undefined:undefined:undefined:undefined":3,"s:43:4:45:Infinity":10,"s:44:6:44:Infinity":11,"b:46:4:48:Infinity:undefined:undefined:undefined:undefined":4,"s:46:4:48:Infinity":12,"s:47:6:47:Infinity":13,"b:49:4:56:Infinity:undefined:undefined:undefined:undefined":5,"s:49:4:56:Infinity":14,"s:50:6:55:Infinity":15,"s:58:18:61:Infinity":16,"f:60:28:60:29":1,"s:60:35:60:62":17,"b:63:4:65:Infinity:undefined:undefined:undefined:undefined":6,"s:63:4:65:Infinity":18,"s:64:6:64:Infinity":19,"s:67:20:79:Infinity":20,"b:75:14:75:29:75:29:75:Infinity":7,"s:81:4:106:Infinity":21,"f:82:16:82:17":2,"s:83:8:104:Infinity":22,"s:108:27:111:Infinity":23,"f:110:31:110:32":3,"s:110:38:110:65":24,"b:113:4:115:Infinity:undefined:undefined:undefined:undefined":8,"s:113:4:115:Infinity":25,"s:114:6:114:Infinity":26,"s:117:4:123:Infinity":27,"f:118:25:118:26":4,"s:119:8:121:Infinity":28,"b:120:12:120:Infinity:121:12:121:Infinity":9,"s:125:4:131:Infinity":29,"s:133:4:133:Infinity":30,"s:135:4:135:Infinity":31,"s:139:13:175:Infinity":32,"f:152:11:152:18":5,"s:153:18:153:Infinity":33,"b:154:4:156:Infinity:undefined:undefined:undefined:undefined":10,"s:154:4:156:Infinity":34,"s:155:6:155:Infinity":35,"s:158:48:171:Infinity":36,"f:161:34:161:35":6,"s:161:41:161:70":37,"f:165:34:165:35":7,"s:165:41:165:70":38,"f:169:34:169:35":8,"s:169:41:169:70":39,"s:173:4:173:Infinity":40,"s:177:13:189:Infinity":41,"f:182:11:182:18":9,"s:183:4:187:Infinity":42,"f:185:32:185:33":10,"s:185:39:185:74":43,"s:191:13:204:Infinity":44,"f:196:11:196:18":11,"s:197:4:197:Infinity":45,"s:199:6:201:Infinity":46,"b:200:10:200:Infinity:201:10:201:Infinity":11,"s:202:4:202:Infinity":47,"s:206:13:253:Infinity":48,"f:217:11:217:18":12,"s:218:22:224:Infinity":49,"s:225:22:231:Infinity":50,"s:232:4:237:Infinity":51,"s:238:24:243:Infinity":52,"s:244:4:249:Infinity":53,"s:251:4:251:Infinity":54}}}
,"/home/abdssamie/Projects/convex-ecom/src/component/store/pricing.ts": {"path":"/home/abdssamie/Projects/convex-ecom/src/component/store/pricing.ts","statementMap":{"0":{"start":{"line":11,"column":2},"end":{"line":40,"column":null}},"1":{"start":{"line":12,"column":19},"end":{"line":12,"column":null}},"2":{"start":{"line":13,"column":4},"end":{"line":24,"column":null}},"3":{"start":{"line":14,"column":24},"end":{"line":14,"column":null}},"4":{"start":{"line":15,"column":6},"end":{"line":23,"column":null}},"5":{"start":{"line":16,"column":20},"end":{"line":16,"column":null}},"6":{"start":{"line":17,"column":8},"end":{"line":20,"column":null}},"7":{"start":{"line":22,"column":8},"end":{"line":22,"column":null}},"8":{"start":{"line":26,"column":4},"end":{"line":39,"column":null}},"9":{"start":{"line":27,"column":26},"end":{"line":35,"column":null}},"10":{"start":{"line":30,"column":12},"end":{"line":33,"column":null}},"11":{"start":{"line":36,"column":8},"end":{"line":38,"column":null}},"12":{"start":{"line":37,"column":10},"end":{"line":37,"column":null}},"13":{"start":{"line":42,"column":2},"end":{"line":50,"column":null}},"14":{"start":{"line":45,"column":6},"end":{"line":48,"column":null}}},"fnMap":{"0":{"name":"getBasePriceForVariant","decl":{"start":{"line":4,"column":22},"end":{"line":4,"column":null}},"loc":{"start":{"line":10,"column":33},"end":{"line":51,"column":null}},"line":10},"1":{"name":"(anonymous_1)","decl":{"start":{"line":29,"column":62},"end":{"line":29,"column":63}},"loc":{"start":{"line":30,"column":12},"end":{"line":33,"column":null}},"line":30},"2":{"name":"(anonymous_2)","decl":{"start":{"line":44,"column":56},"end":{"line":44,"column":57}},"loc":{"start":{"line":45,"column":6},"end":{"line":48,"column":null}},"line":45}},"branchMap":{"0":{"loc":{"start":{"line":11,"column":2},"end":{"line":40,"column":null}},"type":"if","locations":[{"start":{"line":11,"column":2},"end":{"line":40,"column":null}},{"start":{},"end":{}}],"line":11},"1":{"loc":{"start":{"line":13,"column":4},"end":{"line":24,"column":null}},"type":"if","locations":[{"start":{"line":13,"column":4},"end":{"line":24,"column":null}},{"start":{},"end":{}}],"line":13},"2":{"loc":{"start":{"line":15,"column":6},"end":{"line":23,"column":null}},"type":"if","locations":[{"start":{"line":15,"column":6},"end":{"line":23,"column":null}},{"start":{"line":21,"column":13},"end":{"line":23,"column":null}}],"line":15},"3":{"loc":{"start":{"line":18,"column":10},"end":{"line":20,"column":null}},"type":"binary-expr","locations":[{"start":{"line":18,"column":10},"end":{"line":18,"column":null}},{"start":{"line":19,"column":11},"end":{"line":19,"column":47}},{"start":{"line":19,"column":47},"end":{"line":19,"column":null}},{"start":{"line":20,"column":11},"end":{"line":20,"column":45}},{"start":{"line":20,"column":45},"end":{"line":20,"column":null}}],"line":18},"4":{"loc":{"start":{"line":26,"column":4},"end":{"line":39,"column":null}},"type":"if","locations":[{"start":{"line":26,"column":4},"end":{"line":39,"column":null}},{"start":{},"end":{}}],"line":26},"5":{"loc":{"start":{"line":36,"column":8},"end":{"line":38,"column":null}},"type":"if","locations":[{"start":{"line":36,"column":8},"end":{"line":38,"column":null}},{"start":{},"end":{}}],"line":36}},"s":{"0":8,"1":2,"2":2,"3":1,"4":1,"5":1,"6":1,"7":0,"8":2,"9":2,"10":2,"11":2,"12":2,"13":6,"14":6},"f":{"0":8,"1":2,"2":6},"b":{"0":[2,6],"1":[1,1],"2":[1,0],"3":[1,1,0,1,0],"4":[2,0],"5":[2,0]},"meta":{"lastBranch":6,"lastFunction":3,"lastStatement":15,"seen":{"f:4:22:4:Infinity":0,"b:11:2:40:Infinity:undefined:undefined:undefined:undefined":0,"s:11:2:40:Infinity":0,"s:12:19:12:Infinity":1,"b:13:4:24:Infinity:undefined:undefined:undefined:undefined":1,"s:13:4:24:Infinity":2,"s:14:24:14:Infinity":3,"b:15:6:23:Infinity:21:13:23:Infinity":2,"s:15:6:23:Infinity":4,"s:16:20:16:Infinity":5,"s:17:8:20:Infinity":6,"b:18:10:18:Infinity:19:11:19:47:19:47:19:Infinity:20:11:20:45:20:45:20:Infinity":3,"s:22:8:22:Infinity":7,"b:26:4:39:Infinity:undefined:undefined:undefined:undefined":4,"s:26:4:39:Infinity":8,"s:27:26:35:Infinity":9,"f:29:62:29:63":1,"s:30:12:33:Infinity":10,"b:36:8:38:Infinity:undefined:undefined:undefined:undefined":5,"s:36:8:38:Infinity":11,"s:37:10:37:Infinity":12,"s:42:2:50:Infinity":13,"f:44:56:44:57":2,"s:45:6:48:Infinity":14}}}
,"/home/abdssamie/Projects/convex-ecom/src/component/store/products.ts": {"path":"/home/abdssamie/Projects/convex-ecom/src/component/store/products.ts","statementMap":{"0":{"start":{"line":8,"column":13},"end":{"line":64,"column":null}},"1":{"start":{"line":15,"column":49},"end":{"line":15,"column":null}},"2":{"start":{"line":16,"column":4},"end":{"line":28,"column":null}},"3":{"start":{"line":17,"column":24},"end":{"line":22,"column":null}},"4":{"start":{"line":23,"column":18},"end":{"line":23,"column":null}},"5":{"start":{"line":24,"column":6},"end":{"line":27,"column":null}},"6":{"start":{"line":30,"column":30},"end":{"line":33,"column":null}},"7":{"start":{"line":32,"column":37},"end":{"line":32,"column":64}},"8":{"start":{"line":35,"column":17},"end":{"line":57,"column":null}},"9":{"start":{"line":37,"column":25},"end":{"line":40,"column":null}},"10":{"start":{"line":39,"column":42},"end":{"line":39,"column":72}},"11":{"start":{"line":42,"column":34},"end":{"line":53,"column":null}},"12":{"start":{"line":44,"column":26},"end":{"line":50,"column":null}},"13":{"start":{"line":51,"column":12},"end":{"line":51,"column":null}},"14":{"start":{"line":55,"column":8},"end":{"line":55,"column":null}},"15":{"start":{"line":59,"column":4},"end":{"line":62,"column":null}}},"fnMap":{"0":{"name":"(anonymous_0)","decl":{"start":{"line":14,"column":11},"end":{"line":14,"column":18}},"loc":{"start":{"line":14,"column":32},"end":{"line":63,"column":null}},"line":14},"1":{"name":"(anonymous_1)","decl":{"start":{"line":32,"column":30},"end":{"line":32,"column":31}},"loc":{"start":{"line":32,"column":37},"end":{"line":32,"column":64}},"line":32},"2":{"name":"(anonymous_2)","decl":{"start":{"line":36,"column":33},"end":{"line":36,"column":40}},"loc":{"start":{"line":36,"column":52},"end":{"line":56,"column":7}},"line":36},"3":{"name":"(anonymous_3)","decl":{"start":{"line":39,"column":35},"end":{"line":39,"column":36}},"loc":{"start":{"line":39,"column":42},"end":{"line":39,"column":72}},"line":39},"4":{"name":"(anonymous_4)","decl":{"start":{"line":43,"column":23},"end":{"line":43,"column":30}},"loc":{"start":{"line":43,"column":42},"end":{"line":52,"column":11}},"line":43}},"branchMap":{"0":{"loc":{"start":{"line":16,"column":4},"end":{"line":28,"column":null}},"type":"if","locations":[{"start":{"line":16,"column":4},"end":{"line":28,"column":null}},{"start":{},"end":{}}],"line":16},"1":{"loc":{"start":{"line":25,"column":8},"end":{"line":27,"column":null}},"type":"binary-expr","locations":[{"start":{"line":25,"column":8},"end":{"line":25,"column":null}},{"start":{"line":26,"column":9},"end":{"line":26,"column":45}},{"start":{"line":26,"column":45},"end":{"line":26,"column":null}},{"start":{"line":27,"column":9},"end":{"line":27,"column":43}},{"start":{"line":27,"column":43},"end":{"line":27,"column":null}}],"line":25},"2":{"loc":{"start":{"line":51,"column":40},"end":{"line":51,"column":54}},"type":"binary-expr","locations":[{"start":{"line":51,"column":40},"end":{"line":51,"column":49}},{"start":{"line":51,"column":49},"end":{"line":51,"column":54}}],"line":51}},"s":{"0":3,"1":4,"2":4,"3":2,"4":1,"5":1,"6":3,"7":3,"8":3,"9":2,"10":2,"11":2,"12":2,"13":2,"14":2,"15":3},"f":{"0":4,"1":3,"2":2,"3":2,"4":2},"b":{"0":[2,2],"1":[1,1,0,1,0],"2":[2,0]},"meta":{"lastBranch":3,"lastFunction":5,"lastStatement":16,"seen":{"s:8:13:64:Infinity":0,"f:14:11:14:18":0,"s:15:49:15:Infinity":1,"b:16:4:28:Infinity:undefined:undefined:undefined:undefined":0,"s:16:4:28:Infinity":2,"s:17:24:22:Infinity":3,"s:23:18:23:Infinity":4,"s:24:6:27:Infinity":5,"b:25:8:25:Infinity:26:9:26:45:26:45:26:Infinity:27:9:27:43:27:43:27:Infinity":1,"s:30:30:33:Infinity":6,"f:32:30:32:31":1,"s:32:37:32:64":7,"s:35:17:57:Infinity":8,"f:36:33:36:40":2,"s:37:25:40:Infinity":9,"f:39:35:39:36":3,"s:39:42:39:72":10,"s:42:34:53:Infinity":11,"f:43:23:43:30":4,"s:44:26:50:Infinity":12,"s:51:12:51:Infinity":13,"b:51:40:51:49:51:49:51:54":2,"s:55:8:55:Infinity":14,"s:59:4:62:Infinity":15}}}
}
